{"meta": {"format": 3, "version": "7.9.2", "timestamp": "2025-08-11T13:36:59.931600", "branch_coverage": false, "show_contexts": false}, "files": {"src/context_switcher_mcp/__init__.py": {"executed_lines": [2, 7, 8, 10, 11, 13, 14, 15, 16, 17, 18, 19, 20, 21, 23, 26, 27, 29, 30, 31, 37, 39, 43, 44, 45, 49, 53, 56, 60, 61, 62, 63, 67, 74, 92], "summary": {"covered_lines": 34, "num_statements": 39, "percent_covered": 87.17948717948718, "percent_covered_display": "87", "missing_lines": 5, "excluded_lines": 0}, "missing_lines": [78, 81, 82, 83, 94], "excluded_lines": [], "functions": {"start_context_analysis": {"executed_lines": [], "summary": {"covered_lines": 0, "num_statements": 4, "percent_covered": 0.0, "percent_covered_display": "0", "missing_lines": 4, "excluded_lines": 0}, "missing_lines": [78, 81, 82, 83], "excluded_lines": []}, "main": {"executed_lines": [], "summary": {"covered_lines": 0, "num_statements": 1, "percent_covered": 0.0, "percent_covered_display": "0", "missing_lines": 1, "excluded_lines": 0}, "missing_lines": [94], "excluded_lines": []}, "": {"executed_lines": [2, 7, 8, 10, 11, 13, 14, 15, 16, 17, 18, 19, 20, 21, 23, 26, 27, 29, 30, 31, 37, 39, 43, 44, 45, 49, 53, 56, 60, 61, 62, 63, 67, 74, 92], "summary": {"covered_lines": 34, "num_statements": 34, "percent_covered": 100.0, "percent_covered_display": "100", "missing_lines": 0, "excluded_lines": 0}, "missing_lines": [], "excluded_lines": []}}, "classes": {"StartContextAnalysisRequest": {"executed_lines": [], "summary": {"covered_lines": 0, "num_statements": 0, "percent_covered": 100.0, "percent_covered_display": "100", "missing_lines": 0, "excluded_lines": 0}, "missing_lines": [], "excluded_lines": []}, "": {"executed_lines": [2, 7, 8, 10, 11, 13, 14, 15, 16, 17, 18, 19, 20, 21, 23, 26, 27, 29, 30, 31, 37, 39, 43, 44, 45, 49, 53, 56, 60, 61, 62, 63, 67, 74, 92], "summary": {"covered_lines": 34, "num_statements": 39, "percent_covered": 87.17948717948718, "percent_covered_display": "87", "missing_lines": 5, "excluded_lines": 0}, "missing_lines": [78, 81, 82, 83, 94], "excluded_lines": []}}}, "src/context_switcher_mcp/__main__.py": {"executed_lines": [], "summary": {"covered_lines": 0, "num_statements": 3, "percent_covered": 0.0, "percent_covered_display": "0", "missing_lines": 3, "excluded_lines": 0}, "missing_lines": [3, 5, 6], "excluded_lines": [], "functions": {"": {"executed_lines": [], "summary": {"covered_lines": 0, "num_statements": 3, "percent_covered": 0.0, "percent_covered_display": "0", "missing_lines": 3, "excluded_lines": 0}, "missing_lines": [3, 5, 6], "excluded_lines": []}}, "classes": {"": {"executed_lines": [], "summary": {"covered_lines": 0, "num_statements": 3, "percent_covered": 0.0, "percent_covered_display": "0", "missing_lines": 3, "excluded_lines": 0}, "missing_lines": [3, 5, 6], "excluded_lines": []}}}, "src/context_switcher_mcp/aorp.py": {"executed_lines": [1, 6, 7, 8, 10, 13, 14, 15, 18, 19, 21, 22, 29, 31, 32, 34, 36, 37, 39, 41, 42, 44, 46, 47, 49, 51, 52, 54, 56, 57, 58, 59, 61, 63, 65, 66, 68, 70, 71, 73, 75, 76, 78, 80, 81, 83, 85, 86, 87, 88, 89, 91, 93, 94, 96, 98, 99, 101, 103, 104, 106, 108, 109, 110, 112, 114, 115, 117, 120, 121, 122, 123, 124, 125, 126, 128, 129, 130, 131, 132, 133, 134, 136, 137, 138, 139, 140, 141, 143, 146, 155, 156, 158, 159, 161, 163, 166, 168, 170, 172, 175, 183, 184, 186, 188, 190, 192, 196, 198, 201, 210, 212, 213, 215, 216, 219, 221, 222, 224, 225, 227, 228, 232, 235, 238, 243, 245, 246, 247, 249, 250, 252, 253, 254, 256, 258, 262, 265, 274, 276, 278, 279, 280, 281, 285, 286, 291, 293, 298, 322, 323, 325, 328, 333, 335, 336, 340, 341, 342, 343, 344, 345, 348, 351, 356, 357, 358, 359, 361, 369, 371, 372, 378, 403, 408, 409, 411, 412, 414, 416, 418, 437, 442, 443, 445, 447, 475, 480], "summary": {"covered_lines": 186, "num_statements": 190, "percent_covered": 97.89473684210526, "percent_covered_display": "98", "missing_lines": 4, "excluded_lines": 0}, "missing_lines": [64, 233, 370, 374], "excluded_lines": [], "functions": {"AORPBuilder.__init__": {"executed_lines": [22], "summary": {"covered_lines": 1, "num_statements": 1, "percent_covered": 100.0, "percent_covered_display": "100", "missing_lines": 0, "excluded_lines": 0}, "missing_lines": [], "excluded_lines": []}, "AORPBuilder.status": {"executed_lines": [31, 32], "summary": {"covered_lines": 2, "num_statements": 2, "percent_covered": 100.0, "percent_covered_display": "100", "missing_lines": 0, "excluded_lines": 0}, "missing_lines": [], "excluded_lines": []}, "AORPBuilder.key_insight": {"executed_lines": [36, 37], "summary": {"covered_lines": 2, "num_statements": 2, "percent_covered": 100.0, "percent_covered_display": "100", "missing_lines": 0, "excluded_lines": 0}, "missing_lines": [], "excluded_lines": []}, "AORPBuilder.confidence": {"executed_lines": [41, 42], "summary": {"covered_lines": 2, "num_statements": 2, "percent_covered": 100.0, "percent_covered_display": "100", "missing_lines": 0, "excluded_lines": 0}, "missing_lines": [], "excluded_lines": []}, "AORPBuilder.session_id": {"executed_lines": [46, 47], "summary": {"covered_lines": 2, "num_statements": 2, "percent_covered": 100.0, "percent_covered_display": "100", "missing_lines": 0, "excluded_lines": 0}, "missing_lines": [], "excluded_lines": []}, "AORPBuilder.next_steps": {"executed_lines": [51, 52], "summary": {"covered_lines": 2, "num_statements": 2, "percent_covered": 100.0, "percent_covered_display": "100", "missing_lines": 0, "excluded_lines": 0}, "missing_lines": [], "excluded_lines": []}, "AORPBuilder.primary_recommendation": {"executed_lines": [56, 57, 58, 59], "summary": {"covered_lines": 4, "num_statements": 4, "percent_covered": 100.0, "percent_covered_display": "100", "missing_lines": 0, "excluded_lines": 0}, "missing_lines": [], "excluded_lines": []}, "AORPBuilder.secondary_recommendations": {"executed_lines": [63, 65, 66], "summary": {"covered_lines": 3, "num_statements": 4, "percent_covered": 75.0, "percent_covered_display": "75", "missing_lines": 1, "excluded_lines": 0}, "missing_lines": [64], "excluded_lines": []}, "AORPBuilder.workflow_guidance": {"executed_lines": [70, 71], "summary": {"covered_lines": 2, "num_statements": 2, "percent_covered": 100.0, "percent_covered_display": "100", "missing_lines": 0, "excluded_lines": 0}, "missing_lines": [], "excluded_lines": []}, "AORPBuilder.completeness": {"executed_lines": [75, 76], "summary": {"covered_lines": 2, "num_statements": 2, "percent_covered": 100.0, "percent_covered_display": "100", "missing_lines": 0, "excluded_lines": 0}, "missing_lines": [], "excluded_lines": []}, "AORPBuilder.reliability": {"executed_lines": [80, 81], "summary": {"covered_lines": 2, "num_statements": 2, "percent_covered": 100.0, "percent_covered_display": "100", "missing_lines": 0, "excluded_lines": 0}, "missing_lines": [], "excluded_lines": []}, "AORPBuilder.urgency": {"executed_lines": [85, 86, 87, 88, 89], "summary": {"covered_lines": 5, "num_statements": 5, "percent_covered": 100.0, "percent_covered_display": "100", "missing_lines": 0, "excluded_lines": 0}, "missing_lines": [], "excluded_lines": []}, "AORPBuilder.indicators": {"executed_lines": [93, 94], "summary": {"covered_lines": 2, "num_statements": 2, "percent_covered": 100.0, "percent_covered_display": "100", "missing_lines": 0, "excluded_lines": 0}, "missing_lines": [], "excluded_lines": []}, "AORPBuilder.summary": {"executed_lines": [98, 99], "summary": {"covered_lines": 2, "num_statements": 2, "percent_covered": 100.0, "percent_covered_display": "100", "missing_lines": 0, "excluded_lines": 0}, "missing_lines": [], "excluded_lines": []}, "AORPBuilder.data": {"executed_lines": [103, 104], "summary": {"covered_lines": 2, "num_statements": 2, "percent_covered": 100.0, "percent_covered_display": "100", "missing_lines": 0, "excluded_lines": 0}, "missing_lines": [], "excluded_lines": []}, "AORPBuilder.metadata": {"executed_lines": [108, 109, 110], "summary": {"covered_lines": 3, "num_statements": 3, "percent_covered": 100.0, "percent_covered_display": "100", "missing_lines": 0, "excluded_lines": 0}, "missing_lines": [], "excluded_lines": []}, "AORPBuilder.debug": {"executed_lines": [114, 115], "summary": {"covered_lines": 2, "num_statements": 2, "percent_covered": 100.0, "percent_covered_display": "100", "missing_lines": 0, "excluded_lines": 0}, "missing_lines": [], "excluded_lines": []}, "AORPBuilder.build": {"executed_lines": [120, 121, 122, 123, 124, 125, 126, 128, 129, 130, 131, 132, 133, 134, 136, 137, 138, 139, 140, 141, 143], "summary": {"covered_lines": 21, "num_statements": 21, "percent_covered": 100.0, "percent_covered_display": "100", "missing_lines": 0, "excluded_lines": 0}, "missing_lines": [], "excluded_lines": []}, "calculate_analysis_confidence": {"executed_lines": [155, 156, 158, 159, 161, 163, 166, 168, 170, 172], "summary": {"covered_lines": 10, "num_statements": 10, "percent_covered": 100.0, "percent_covered_display": "100", "missing_lines": 0, "excluded_lines": 0}, "missing_lines": [], "excluded_lines": []}, "calculate_synthesis_confidence": {"executed_lines": [183, 184, 186, 188, 190, 192, 196, 198], "summary": {"covered_lines": 8, "num_statements": 8, "percent_covered": 100.0, "percent_covered_display": "100", "missing_lines": 0, "excluded_lines": 0}, "missing_lines": [], "excluded_lines": []}, "generate_analysis_next_steps": {"executed_lines": [210, 212, 213, 215, 216, 219, 221, 222, 224, 225, 227, 228, 232, 235], "summary": {"covered_lines": 14, "num_statements": 15, "percent_covered": 93.33333333333333, "percent_covered_display": "93", "missing_lines": 1, "excluded_lines": 0}, "missing_lines": [233], "excluded_lines": []}, "generate_synthesis_next_steps": {"executed_lines": [243, 245, 246, 247, 249, 250, 252, 253, 254, 256, 258, 262], "summary": {"covered_lines": 12, "num_statements": 12, "percent_covered": 100.0, "percent_covered_display": "100", "missing_lines": 0, "excluded_lines": 0}, "missing_lines": [], "excluded_lines": []}, "create_error_response": {"executed_lines": [274, 276, 278, 279, 280, 281, 285, 286, 291, 293, 298, 322, 323, 325], "summary": {"covered_lines": 14, "num_statements": 14, "percent_covered": 100.0, "percent_covered_display": "100", "missing_lines": 0, "excluded_lines": 0}, "missing_lines": [], "excluded_lines": []}, "convert_legacy_response": {"executed_lines": [333, 335, 336, 340, 341, 342, 343, 344, 345, 348], "summary": {"covered_lines": 10, "num_statements": 10, "percent_covered": 100.0, "percent_covered_display": "100", "missing_lines": 0, "excluded_lines": 0}, "missing_lines": [], "excluded_lines": []}, "_convert_analysis_response": {"executed_lines": [356, 357, 358, 359, 361, 369, 371, 372, 378], "summary": {"covered_lines": 9, "num_statements": 11, "percent_covered": 81.81818181818181, "percent_covered_display": "82", "missing_lines": 2, "excluded_lines": 0}, "missing_lines": [370, 374], "excluded_lines": []}, "_convert_synthesis_response": {"executed_lines": [408, 409, 411, 412, 414, 416, 418], "summary": {"covered_lines": 7, "num_statements": 7, "percent_covered": 100.0, "percent_covered_display": "100", "missing_lines": 0, "excluded_lines": 0}, "missing_lines": [], "excluded_lines": []}, "_convert_session_response": {"executed_lines": [442, 443, 445, 447], "summary": {"covered_lines": 4, "num_statements": 4, "percent_covered": 100.0, "percent_covered_display": "100", "missing_lines": 0, "excluded_lines": 0}, "missing_lines": [], "excluded_lines": []}, "_convert_generic_response": {"executed_lines": [480], "summary": {"covered_lines": 1, "num_statements": 1, "percent_covered": 100.0, "percent_covered_display": "100", "missing_lines": 0, "excluded_lines": 0}, "missing_lines": [], "excluded_lines": []}, "": {"executed_lines": [1, 6, 7, 8, 10, 13, 14, 15, 18, 19, 21, 29, 34, 39, 44, 49, 54, 61, 68, 73, 78, 83, 91, 96, 101, 106, 112, 117, 146, 175, 201, 238, 265, 328, 351, 403, 437, 475], "summary": {"covered_lines": 36, "num_statements": 36, "percent_covered": 100.0, "percent_covered_display": "100", "missing_lines": 0, "excluded_lines": 0}, "missing_lines": [], "excluded_lines": []}}, "classes": {"AORPBuilder": {"executed_lines": [22, 31, 32, 36, 37, 41, 42, 46, 47, 51, 52, 56, 57, 58, 59, 63, 65, 66, 70, 71, 75, 76, 80, 81, 85, 86, 87, 88, 89, 93, 94, 98, 99, 103, 104, 108, 109, 110, 114, 115, 120, 121, 122, 123, 124, 125, 126, 128, 129, 130, 131, 132, 133, 134, 136, 137, 138, 139, 140, 141, 143], "summary": {"covered_lines": 61, "num_statements": 62, "percent_covered": 98.38709677419355, "percent_covered_display": "98", "missing_lines": 1, "excluded_lines": 0}, "missing_lines": [64], "excluded_lines": []}, "": {"executed_lines": [1, 6, 7, 8, 10, 13, 14, 15, 18, 19, 21, 29, 34, 39, 44, 49, 54, 61, 68, 73, 78, 83, 91, 96, 101, 106, 112, 117, 146, 155, 156, 158, 159, 161, 163, 166, 168, 170, 172, 175, 183, 184, 186, 188, 190, 192, 196, 198, 201, 210, 212, 213, 215, 216, 219, 221, 222, 224, 225, 227, 228, 232, 235, 238, 243, 245, 246, 247, 249, 250, 252, 253, 254, 256, 258, 262, 265, 274, 276, 278, 279, 280, 281, 285, 286, 291, 293, 298, 322, 323, 325, 328, 333, 335, 336, 340, 341, 342, 343, 344, 345, 348, 351, 356, 357, 358, 359, 361, 369, 371, 372, 378, 403, 408, 409, 411, 412, 414, 416, 418, 437, 442, 443, 445, 447, 475, 480], "summary": {"covered_lines": 125, "num_statements": 128, "percent_covered": 97.65625, "percent_covered_display": "98", "missing_lines": 3, "excluded_lines": 0}, "missing_lines": [233, 370, 374], "excluded_lines": []}}}, "src/context_switcher_mcp/backend_factory.py": {"executed_lines": [1, 3, 4, 6, 7, 8, 10, 13, 14, 16, 17, 19, 22, 48, 49, 51, 52, 54, 57, 91, 92, 94, 95, 97, 98, 111, 112, 114, 115, 118, 120, 121, 132, 133, 134, 135, 136, 137, 138, 146, 147, 151, 152, 161, 162, 163, 167, 168, 181], "summary": {"covered_lines": 45, "num_statements": 86, "percent_covered": 52.325581395348834, "percent_covered_display": "52", "missing_lines": 41, "excluded_lines": 0}, "missing_lines": [20, 23, 24, 26, 27, 29, 37, 39, 40, 43, 44, 45, 55, 58, 59, 61, 62, 64, 67, 79, 80, 82, 83, 86, 87, 88, 116, 140, 141, 142, 143, 144, 149, 164, 165, 174, 175, 176, 177, 178, 190], "excluded_lines": [], "functions": {"LiteLLMBackend.__init__": {"executed_lines": [17], "summary": {"covered_lines": 1, "num_statements": 1, "percent_covered": 100.0, "percent_covered_display": "100", "missing_lines": 0, "excluded_lines": 0}, "missing_lines": [], "excluded_lines": []}, "LiteLLMBackend._get_model_name": {"executed_lines": [], "summary": {"covered_lines": 0, "num_statements": 1, "percent_covered": 0.0, "percent_covered_display": "0", "missing_lines": 1, "excluded_lines": 0}, "missing_lines": [20], "excluded_lines": []}, "LiteLLMBackend.call_model": {"executed_lines": [], "summary": {"covered_lines": 0, "num_statements": 11, "percent_covered": 0.0, "percent_covered_display": "0", "missing_lines": 11, "excluded_lines": 0}, "missing_lines": [23, 24, 26, 27, 29, 37, 39, 40, 43, 44, 45], "excluded_lines": []}, "OllamaBackend.__init__": {"executed_lines": [52], "summary": {"covered_lines": 1, "num_statements": 1, "percent_covered": 100.0, "percent_covered_display": "100", "missing_lines": 0, "excluded_lines": 0}, "missing_lines": [], "excluded_lines": []}, "OllamaBackend._get_model_name": {"executed_lines": [], "summary": {"covered_lines": 0, "num_statements": 1, "percent_covered": 0.0, "percent_covered_display": "0", "missing_lines": 1, "excluded_lines": 0}, "missing_lines": [55], "excluded_lines": []}, "OllamaBackend.call_model": {"executed_lines": [], "summary": {"covered_lines": 0, "num_statements": 13, "percent_covered": 0.0, "percent_covered_display": "0", "missing_lines": 13, "excluded_lines": 0}, "missing_lines": [58, 59, 61, 62, 64, 67, 79, 80, 82, 83, 86, 87, 88], "excluded_lines": []}, "BackendFactory.get_backend": {"executed_lines": [111, 112, 114, 115, 118], "summary": {"covered_lines": 5, "num_statements": 6, "percent_covered": 83.33333333333333, "percent_covered_display": "83", "missing_lines": 1, "excluded_lines": 0}, "missing_lines": [116], "excluded_lines": []}, "BackendFactory._create_backend": {"executed_lines": [132, 133, 134, 135, 136, 137, 138], "summary": {"covered_lines": 7, "num_statements": 12, "percent_covered": 58.333333333333336, "percent_covered_display": "58", "missing_lines": 5, "excluded_lines": 0}, "missing_lines": [140, 141, 142, 143, 144], "excluded_lines": []}, "BackendFactory.reset": {"executed_lines": [], "summary": {"covered_lines": 0, "num_statements": 1, "percent_covered": 0.0, "percent_covered_display": "0", "missing_lines": 1, "excluded_lines": 0}, "missing_lines": [149], "excluded_lines": []}, "BackendFactory.is_backend_available": {"executed_lines": [161, 162, 163], "summary": {"covered_lines": 3, "num_statements": 5, "percent_covered": 60.0, "percent_covered_display": "60", "missing_lines": 2, "excluded_lines": 0}, "missing_lines": [164, 165], "excluded_lines": []}, "BackendFactory.get_available_backends": {"executed_lines": [], "summary": {"covered_lines": 0, "num_statements": 5, "percent_covered": 0.0, "percent_covered_display": "0", "missing_lines": 5, "excluded_lines": 0}, "missing_lines": [174, 175, 176, 177, 178], "excluded_lines": []}, "get_backend_for_thread": {"executed_lines": [], "summary": {"covered_lines": 0, "num_statements": 1, "percent_covered": 0.0, "percent_covered_display": "0", "missing_lines": 1, "excluded_lines": 0}, "missing_lines": [190], "excluded_lines": []}, "": {"executed_lines": [1, 3, 4, 6, 7, 8, 10, 13, 14, 16, 19, 22, 48, 49, 51, 54, 57, 91, 92, 94, 95, 97, 98, 120, 121, 146, 147, 151, 152, 167, 168, 181], "summary": {"covered_lines": 28, "num_statements": 28, "percent_covered": 100.0, "percent_covered_display": "100", "missing_lines": 0, "excluded_lines": 0}, "missing_lines": [], "excluded_lines": []}}, "classes": {"LiteLLMBackend": {"executed_lines": [17], "summary": {"covered_lines": 1, "num_statements": 13, "percent_covered": 7.6923076923076925, "percent_covered_display": "8", "missing_lines": 12, "excluded_lines": 0}, "missing_lines": [20, 23, 24, 26, 27, 29, 37, 39, 40, 43, 44, 45], "excluded_lines": []}, "OllamaBackend": {"executed_lines": [52], "summary": {"covered_lines": 1, "num_statements": 15, "percent_covered": 6.666666666666667, "percent_covered_display": "7", "missing_lines": 14, "excluded_lines": 0}, "missing_lines": [55, 58, 59, 61, 62, 64, 67, 79, 80, 82, 83, 86, 87, 88], "excluded_lines": []}, "BackendFactory": {"executed_lines": [111, 112, 114, 115, 118, 132, 133, 134, 135, 136, 137, 138, 161, 162, 163], "summary": {"covered_lines": 15, "num_statements": 29, "percent_covered": 51.724137931034484, "percent_covered_display": "52", "missing_lines": 14, "excluded_lines": 0}, "missing_lines": [116, 140, 141, 142, 143, 144, 149, 164, 165, 174, 175, 176, 177, 178], "excluded_lines": []}, "": {"executed_lines": [1, 3, 4, 6, 7, 8, 10, 13, 14, 16, 19, 22, 48, 49, 51, 54, 57, 91, 92, 94, 95, 97, 98, 120, 121, 146, 147, 151, 152, 167, 168, 181], "summary": {"covered_lines": 28, "num_statements": 29, "percent_covered": 96.55172413793103, "percent_covered_display": "97", "missing_lines": 1, "excluded_lines": 0}, "missing_lines": [190], "excluded_lines": []}}}, "src/context_switcher_mcp/backend_interface.py": {"executed_lines": [1, 3, 4, 5, 7, 8, 9, 10, 11, 22, 23, 24, 26, 27, 28, 29, 32, 33, 35, 36, 37, 39, 41, 48, 49, 53, 54, 58, 90, 104, 122, 124, 126, 129, 132, 133, 135, 136, 138, 141, 142, 143, 175, 176, 204, 284, 285, 287, 288, 290, 291, 293, 294, 295, 297, 298, 301, 303, 304, 305, 307, 314, 316, 317, 318, 320, 342, 343, 345, 346, 348, 349, 351, 352, 353, 355, 356, 359, 361, 362, 363, 365, 366, 384, 388, 390, 391, 392, 429, 436], "summary": {"covered_lines": 84, "num_statements": 196, "percent_covered": 42.857142857142854, "percent_covered_display": "43", "missing_lines": 112, "excluded_lines": 0}, "missing_lines": [51, 56, 62, 63, 64, 69, 71, 78, 80, 94, 96, 102, 106, 108, 112, 113, 114, 115, 116, 117, 118, 120, 127, 139, 145, 146, 148, 149, 150, 157, 159, 160, 161, 163, 173, 179, 181, 182, 184, 186, 187, 188, 189, 190, 191, 192, 193, 194, 195, 198, 207, 208, 210, 211, 213, 214, 215, 222, 224, 225, 226, 228, 238, 239, 240, 241, 242, 243, 248, 249, 255, 256, 265, 266, 273, 274, 275, 321, 323, 325, 326, 327, 328, 329, 330, 331, 332, 333, 334, 337, 380, 381, 382, 385, 395, 396, 399, 400, 401, 404, 405, 407, 410, 412, 414, 415, 416, 417, 420, 438, 439, 440], "excluded_lines": [], "functions": {"ModelBackendInterface.__init__": {"executed_lines": [36, 37], "summary": {"covered_lines": 2, "num_statements": 2, "percent_covered": 100.0, "percent_covered_display": "100", "missing_lines": 0, "excluded_lines": 0}, "missing_lines": [], "excluded_lines": []}, "ModelBackendInterface.get_model_config": {"executed_lines": [41], "summary": {"covered_lines": 1, "num_statements": 1, "percent_covered": 100.0, "percent_covered_display": "100", "missing_lines": 0, "excluded_lines": 0}, "missing_lines": [], "excluded_lines": []}, "ModelBackendInterface._get_model_name": {"executed_lines": [], "summary": {"covered_lines": 0, "num_statements": 1, "percent_covered": 0.0, "percent_covered_display": "0", "missing_lines": 1, "excluded_lines": 0}, "missing_lines": [51], "excluded_lines": []}, "ModelBackendInterface.call_model": {"executed_lines": [], "summary": {"covered_lines": 0, "num_statements": 1, "percent_covered": 0.0, "percent_covered_display": "0", "missing_lines": 1, "excluded_lines": 0}, "missing_lines": [56], "excluded_lines": []}, "ModelBackendInterface.call_model_stream": {"executed_lines": [], "summary": {"covered_lines": 0, "num_statements": 7, "percent_covered": 0.0, "percent_covered_display": "0", "missing_lines": 7, "excluded_lines": 0}, "missing_lines": [62, 63, 64, 69, 71, 78, 80], "excluded_lines": []}, "ModelBackendInterface._format_error_response": {"executed_lines": [], "summary": {"covered_lines": 0, "num_statements": 3, "percent_covered": 0.0, "percent_covered_display": "0", "missing_lines": 3, "excluded_lines": 0}, "missing_lines": [94, 96, 102], "excluded_lines": []}, "ModelBackendInterface._get_error_type_and_message": {"executed_lines": [], "summary": {"covered_lines": 0, "num_statements": 10, "percent_covered": 0.0, "percent_covered_display": "0", "missing_lines": 10, "excluded_lines": 0}, "missing_lines": [106, 108, 112, 113, 114, 115, 116, 117, 118, 120], "excluded_lines": []}, "ModelBackendInterface._prepare_messages": {"executed_lines": [124, 126, 129], "summary": {"covered_lines": 3, "num_statements": 4, "percent_covered": 75.0, "percent_covered_display": "75", "missing_lines": 1, "excluded_lines": 0}, "missing_lines": [127], "excluded_lines": []}, "BedrockBackend.__init__": {"executed_lines": [136], "summary": {"covered_lines": 1, "num_statements": 1, "percent_covered": 100.0, "percent_covered_display": "100", "missing_lines": 0, "excluded_lines": 0}, "missing_lines": [], "excluded_lines": []}, "BedrockBackend._get_model_name": {"executed_lines": [], "summary": {"covered_lines": 0, "num_statements": 1, "percent_covered": 0.0, "percent_covered_display": "0", "missing_lines": 1, "excluded_lines": 0}, "missing_lines": [139], "excluded_lines": []}, "BedrockBackend.call_model": {"executed_lines": [142, 143, 175, 176], "summary": {"covered_lines": 4, "num_statements": 30, "percent_covered": 13.333333333333334, "percent_covered_display": "13", "missing_lines": 26, "excluded_lines": 0}, "missing_lines": [145, 146, 148, 149, 150, 157, 159, 160, 161, 163, 173, 179, 181, 182, 184, 186, 187, 188, 189, 190, 191, 192, 193, 194, 195, 198], "excluded_lines": []}, "BedrockBackend.call_model_stream": {"executed_lines": [], "summary": {"covered_lines": 0, "num_statements": 27, "percent_covered": 0.0, "percent_covered_display": "0", "missing_lines": 27, "excluded_lines": 0}, "missing_lines": [207, 208, 210, 211, 213, 214, 215, 222, 224, 225, 226, 228, 238, 239, 240, 241, 242, 243, 248, 249, 255, 256, 265, 266, 273, 274, 275], "excluded_lines": []}, "LiteLLMBackend.__init__": {"executed_lines": [288], "summary": {"covered_lines": 1, "num_statements": 1, "percent_covered": 100.0, "percent_covered_display": "100", "missing_lines": 0, "excluded_lines": 0}, "missing_lines": [], "excluded_lines": []}, "LiteLLMBackend._get_model_name": {"executed_lines": [291], "summary": {"covered_lines": 1, "num_statements": 1, "percent_covered": 100.0, "percent_covered_display": "100", "missing_lines": 0, "excluded_lines": 0}, "missing_lines": [], "excluded_lines": []}, "LiteLLMBackend.call_model": {"executed_lines": [294, 295, 297, 298, 301, 303, 304, 305, 307, 314, 316, 317, 318, 320], "summary": {"covered_lines": 14, "num_statements": 27, "percent_covered": 51.851851851851855, "percent_covered_display": "52", "missing_lines": 13, "excluded_lines": 0}, "missing_lines": [321, 323, 325, 326, 327, 328, 329, 330, 331, 332, 333, 334, 337], "excluded_lines": []}, "OllamaBackend.__init__": {"executed_lines": [346], "summary": {"covered_lines": 1, "num_statements": 1, "percent_covered": 100.0, "percent_covered_display": "100", "missing_lines": 0, "excluded_lines": 0}, "missing_lines": [], "excluded_lines": []}, "OllamaBackend._get_model_name": {"executed_lines": [349], "summary": {"covered_lines": 1, "num_statements": 1, "percent_covered": 100.0, "percent_covered_display": "100", "missing_lines": 0, "excluded_lines": 0}, "missing_lines": [], "excluded_lines": []}, "OllamaBackend.call_model": {"executed_lines": [352, 353, 355, 356, 359, 361, 362, 363, 365, 366, 384, 388, 390, 391, 392], "summary": {"covered_lines": 15, "num_statements": 34, "percent_covered": 44.11764705882353, "percent_covered_display": "44", "missing_lines": 19, "excluded_lines": 0}, "missing_lines": [380, 381, 382, 385, 395, 396, 399, 400, 401, 404, 405, 407, 410, 412, 414, 415, 416, 417, 420], "excluded_lines": []}, "get_backend_interface": {"executed_lines": [], "summary": {"covered_lines": 0, "num_statements": 3, "percent_covered": 0.0, "percent_covered_display": "0", "missing_lines": 3, "excluded_lines": 0}, "missing_lines": [438, 439, 440], "excluded_lines": []}, "": {"executed_lines": [1, 3, 4, 5, 7, 8, 9, 10, 11, 22, 23, 24, 26, 27, 28, 29, 32, 33, 35, 39, 48, 49, 53, 54, 58, 90, 104, 122, 132, 133, 135, 138, 141, 204, 284, 285, 287, 290, 293, 342, 343, 345, 348, 351, 429, 436], "summary": {"covered_lines": 40, "num_statements": 40, "percent_covered": 100.0, "percent_covered_display": "100", "missing_lines": 0, "excluded_lines": 0}, "missing_lines": [], "excluded_lines": []}}, "classes": {"ModelCallConfig": {"executed_lines": [], "summary": {"covered_lines": 0, "num_statements": 0, "percent_covered": 100.0, "percent_covered_display": "100", "missing_lines": 0, "excluded_lines": 0}, "missing_lines": [], "excluded_lines": []}, "ModelBackendInterface": {"executed_lines": [36, 37, 41, 124, 126, 129], "summary": {"covered_lines": 6, "num_statements": 29, "percent_covered": 20.689655172413794, "percent_covered_display": "21", "missing_lines": 23, "excluded_lines": 0}, "missing_lines": [51, 56, 62, 63, 64, 69, 71, 78, 80, 94, 96, 102, 106, 108, 112, 113, 114, 115, 116, 117, 118, 120, 127], "excluded_lines": []}, "BedrockBackend": {"executed_lines": [136, 142, 143, 175, 176], "summary": {"covered_lines": 5, "num_statements": 59, "percent_covered": 8.474576271186441, "percent_covered_display": "8", "missing_lines": 54, "excluded_lines": 0}, "missing_lines": [139, 145, 146, 148, 149, 150, 157, 159, 160, 161, 163, 173, 179, 181, 182, 184, 186, 187, 188, 189, 190, 191, 192, 193, 194, 195, 198, 207, 208, 210, 211, 213, 214, 215, 222, 224, 225, 226, 228, 238, 239, 240, 241, 242, 243, 248, 249, 255, 256, 265, 266, 273, 274, 275], "excluded_lines": []}, "LiteLLMBackend": {"executed_lines": [288, 291, 294, 295, 297, 298, 301, 303, 304, 305, 307, 314, 316, 317, 318, 320], "summary": {"covered_lines": 16, "num_statements": 29, "percent_covered": 55.172413793103445, "percent_covered_display": "55", "missing_lines": 13, "excluded_lines": 0}, "missing_lines": [321, 323, 325, 326, 327, 328, 329, 330, 331, 332, 333, 334, 337], "excluded_lines": []}, "OllamaBackend": {"executed_lines": [346, 349, 352, 353, 355, 356, 359, 361, 362, 363, 365, 366, 384, 388, 390, 391, 392], "summary": {"covered_lines": 17, "num_statements": 36, "percent_covered": 47.22222222222222, "percent_covered_display": "47", "missing_lines": 19, "excluded_lines": 0}, "missing_lines": [380, 381, 382, 385, 395, 396, 399, 400, 401, 404, 405, 407, 410, 412, 414, 415, 416, 417, 420], "excluded_lines": []}, "": {"executed_lines": [1, 3, 4, 5, 7, 8, 9, 10, 11, 22, 23, 24, 26, 27, 28, 29, 32, 33, 35, 39, 48, 49, 53, 54, 58, 90, 104, 122, 132, 133, 135, 138, 141, 204, 284, 285, 287, 290, 293, 342, 343, 345, 348, 351, 429, 436], "summary": {"covered_lines": 40, "num_statements": 43, "percent_covered": 93.02325581395348, "percent_covered_display": "93", "missing_lines": 3, "excluded_lines": 0}, "missing_lines": [438, 439, 440], "excluded_lines": []}}}, "src/context_switcher_mcp/circuit_breaker_manager.py": {"executed_lines": [1, 3, 4, 5, 6, 8, 9, 10, 15, 18, 19, 20, 22, 23, 24, 25, 26, 27, 29, 31, 32, 33, 34, 35, 37, 39, 40, 41, 42, 43, 46, 47, 48, 49, 54, 56, 57, 59, 60, 63, 64, 70, 71, 73, 78, 80, 81, 82, 83, 86, 87, 93, 94, 96, 102, 103, 105, 108, 113, 115, 117, 118, 119, 121, 125, 127, 128, 130, 132, 133, 135, 137, 138, 140, 142, 143, 144, 153, 155, 157, 158, 159, 160, 161, 162, 163, 164, 168, 170, 182, 200, 202, 203, 204, 205, 206, 207, 208, 211, 220], "summary": {"covered_lines": 97, "num_statements": 123, "percent_covered": 78.86178861788618, "percent_covered_display": "79", "missing_lines": 26, "excluded_lines": 0}, "missing_lines": [50, 51, 52, 123, 172, 173, 174, 175, 176, 178, 179, 180, 184, 185, 186, 192, 193, 195, 212, 213, 216, 218, 225, 227, 228, 230], "excluded_lines": [], "functions": {"CircuitBreakerState.__post_init__": {"executed_lines": [31, 32, 33, 34, 35], "summary": {"covered_lines": 5, "num_statements": 5, "percent_covered": 100.0, "percent_covered_display": "100", "missing_lines": 0, "excluded_lines": 0}, "missing_lines": [], "excluded_lines": []}, "CircuitBreakerState.should_allow_request": {"executed_lines": [39, 40, 41, 42, 43, 46, 47, 48, 49], "summary": {"covered_lines": 9, "num_statements": 12, "percent_covered": 75.0, "percent_covered_display": "75", "missing_lines": 3, "excluded_lines": 0}, "missing_lines": [50, 51, 52], "excluded_lines": []}, "CircuitBreakerState.record_success": {"executed_lines": [56, 57, 59, 60, 63, 64, 70, 71, 73], "summary": {"covered_lines": 9, "num_statements": 9, "percent_covered": 100.0, "percent_covered_display": "100", "missing_lines": 0, "excluded_lines": 0}, "missing_lines": [], "excluded_lines": []}, "CircuitBreakerState.record_failure": {"executed_lines": [80, 81, 82, 83, 86, 87, 93, 94, 96], "summary": {"covered_lines": 9, "num_statements": 9, "percent_covered": 100.0, "percent_covered_display": "100", "missing_lines": 0, "excluded_lines": 0}, "missing_lines": [], "excluded_lines": []}, "CircuitBreakerManager.__init__": {"executed_lines": [108, 113], "summary": {"covered_lines": 2, "num_statements": 2, "percent_covered": 100.0, "percent_covered_display": "100", "missing_lines": 0, "excluded_lines": 0}, "missing_lines": [], "excluded_lines": []}, "CircuitBreakerManager.ensure_states_loaded": {"executed_lines": [117, 118, 119], "summary": {"covered_lines": 3, "num_statements": 3, "percent_covered": 100.0, "percent_covered_display": "100", "missing_lines": 0, "excluded_lines": 0}, "missing_lines": [], "excluded_lines": []}, "CircuitBreakerManager.get_circuit_breaker": {"executed_lines": [], "summary": {"covered_lines": 0, "num_statements": 1, "percent_covered": 0.0, "percent_covered_display": "0", "missing_lines": 1, "excluded_lines": 0}, "missing_lines": [123], "excluded_lines": []}, "CircuitBreakerManager.should_allow_request": {"executed_lines": [127, 128], "summary": {"covered_lines": 2, "num_statements": 2, "percent_covered": 100.0, "percent_covered_display": "100", "missing_lines": 0, "excluded_lines": 0}, "missing_lines": [], "excluded_lines": []}, "CircuitBreakerManager.record_success": {"executed_lines": [132, 133], "summary": {"covered_lines": 2, "num_statements": 2, "percent_covered": 100.0, "percent_covered_display": "100", "missing_lines": 0, "excluded_lines": 0}, "missing_lines": [], "excluded_lines": []}, "CircuitBreakerManager.record_failure": {"executed_lines": [137, 138], "summary": {"covered_lines": 2, "num_statements": 2, "percent_covered": 100.0, "percent_covered_display": "100", "missing_lines": 0, "excluded_lines": 0}, "missing_lines": [], "excluded_lines": []}, "CircuitBreakerManager.get_status_summary": {"executed_lines": [142, 143, 144, 153], "summary": {"covered_lines": 4, "num_statements": 4, "percent_covered": 100.0, "percent_covered_display": "100", "missing_lines": 0, "excluded_lines": 0}, "missing_lines": [], "excluded_lines": []}, "CircuitBreakerManager.reset_all_circuit_breakers": {"executed_lines": [157, 158, 159, 160, 161, 162, 163, 164, 168], "summary": {"covered_lines": 9, "num_statements": 9, "percent_covered": 100.0, "percent_covered_display": "100", "missing_lines": 0, "excluded_lines": 0}, "missing_lines": [], "excluded_lines": []}, "CircuitBreakerManager.reset_circuit_breaker": {"executed_lines": [], "summary": {"covered_lines": 0, "num_statements": 8, "percent_covered": 0.0, "percent_covered_display": "0", "missing_lines": 8, "excluded_lines": 0}, "missing_lines": [172, 173, 174, 175, 176, 178, 179, 180], "excluded_lines": []}, "CircuitBreakerManager.save_all_states": {"executed_lines": [], "summary": {"covered_lines": 0, "num_statements": 6, "percent_covered": 0.0, "percent_covered_display": "0", "missing_lines": 6, "excluded_lines": 0}, "missing_lines": [184, 185, 186, 192, 193, 195], "excluded_lines": []}, "CircuitBreakerManager._load_circuit_breaker_states": {"executed_lines": [202, 203, 204, 205, 206, 207, 208, 211, 220], "summary": {"covered_lines": 9, "num_statements": 17, "percent_covered": 52.94117647058823, "percent_covered_display": "53", "missing_lines": 8, "excluded_lines": 0}, "missing_lines": [212, 213, 216, 218, 225, 227, 228, 230], "excluded_lines": []}, "": {"executed_lines": [1, 3, 4, 5, 6, 8, 9, 10, 15, 18, 19, 20, 22, 23, 24, 25, 26, 27, 29, 37, 54, 78, 102, 103, 105, 115, 121, 125, 130, 135, 140, 155, 170, 182, 200], "summary": {"covered_lines": 32, "num_statements": 32, "percent_covered": 100.0, "percent_covered_display": "100", "missing_lines": 0, "excluded_lines": 0}, "missing_lines": [], "excluded_lines": []}}, "classes": {"CircuitBreakerState": {"executed_lines": [31, 32, 33, 34, 35, 39, 40, 41, 42, 43, 46, 47, 48, 49, 56, 57, 59, 60, 63, 64, 70, 71, 73, 80, 81, 82, 83, 86, 87, 93, 94, 96], "summary": {"covered_lines": 32, "num_statements": 35, "percent_covered": 91.42857142857143, "percent_covered_display": "91", "missing_lines": 3, "excluded_lines": 0}, "missing_lines": [50, 51, 52], "excluded_lines": []}, "CircuitBreakerManager": {"executed_lines": [108, 113, 117, 118, 119, 127, 128, 132, 133, 137, 138, 142, 143, 144, 153, 157, 158, 159, 160, 161, 162, 163, 164, 168, 202, 203, 204, 205, 206, 207, 208, 211, 220], "summary": {"covered_lines": 33, "num_statements": 56, "percent_covered": 58.92857142857143, "percent_covered_display": "59", "missing_lines": 23, "excluded_lines": 0}, "missing_lines": [123, 172, 173, 174, 175, 176, 178, 179, 180, 184, 185, 186, 192, 193, 195, 212, 213, 216, 218, 225, 227, 228, 230], "excluded_lines": []}, "": {"executed_lines": [1, 3, 4, 5, 6, 8, 9, 10, 15, 18, 19, 20, 22, 23, 24, 25, 26, 27, 29, 37, 54, 78, 102, 103, 105, 115, 121, 125, 130, 135, 140, 155, 170, 182, 200], "summary": {"covered_lines": 32, "num_statements": 32, "percent_covered": 100.0, "percent_covered_display": "100", "missing_lines": 0, "excluded_lines": 0}, "missing_lines": [], "excluded_lines": []}}}, "src/context_switcher_mcp/circuit_breaker_store.py": {"executed_lines": [1, 3, 4, 5, 6, 7, 8, 10, 17, 20, 21, 27, 33, 34, 35, 36, 39, 43, 44, 49, 53, 60, 62, 70, 71, 76, 77, 78, 79, 80, 81, 82, 83, 84, 86, 87, 94, 95, 99, 100, 101, 102, 103, 107, 108, 109, 112, 114, 121, 122, 123, 124, 126, 129, 135, 136, 138, 141, 142, 146, 150, 159, 160, 161, 162, 163, 164, 166, 167, 168, 170, 182, 212, 233, 244, 258, 268, 270, 271, 272, 275, 276, 280, 282, 283, 284, 286, 288, 289, 293, 295, 299, 301, 302, 307, 313, 314, 318, 319, 320, 321, 322, 323, 330, 351, 354, 357, 358, 359, 362, 373, 374, 381, 384, 393, 394], "summary": {"covered_lines": 114, "num_statements": 180, "percent_covered": 63.333333333333336, "percent_covered_display": "63", "missing_lines": 66, "excluded_lines": 0}, "missing_lines": [55, 72, 73, 139, 140, 172, 173, 174, 175, 176, 180, 188, 189, 190, 191, 192, 193, 194, 195, 196, 198, 199, 202, 203, 204, 208, 214, 215, 216, 217, 218, 219, 221, 222, 223, 224, 225, 229, 239, 240, 241, 242, 250, 251, 254, 260, 261, 262, 263, 264, 265, 266, 315, 316, 324, 325, 328, 332, 333, 334, 337, 339, 340, 341, 342, 347], "excluded_lines": [], "functions": {"CircuitBreakerStore.__init__": {"executed_lines": [33, 34, 35, 36, 39, 43, 44, 49, 53, 60, 62, 70, 71, 76, 77, 78, 79, 80, 81, 82, 83, 84, 86, 87, 94, 95, 99, 100, 101, 102, 103, 107, 108, 109, 112], "summary": {"covered_lines": 35, "num_statements": 38, "percent_covered": 92.10526315789474, "percent_covered_display": "92", "missing_lines": 3, "excluded_lines": 0}, "missing_lines": [55, 72, 73], "excluded_lines": []}, "CircuitBreakerStore.save_state": {"executed_lines": [121, 122, 123, 124, 126, 129, 135, 136, 138, 141, 142, 146], "summary": {"covered_lines": 12, "num_statements": 14, "percent_covered": 85.71428571428571, "percent_covered_display": "86", "missing_lines": 2, "excluded_lines": 0}, "missing_lines": [139, 140], "excluded_lines": []}, "CircuitBreakerStore.load_state": {"executed_lines": [159, 160, 161, 162, 163, 164, 166, 167, 168, 170], "summary": {"covered_lines": 10, "num_statements": 16, "percent_covered": 62.5, "percent_covered_display": "62", "missing_lines": 6, "excluded_lines": 0}, "missing_lines": [172, 173, 174, 175, 176, 180], "excluded_lines": []}, "CircuitBreakerStore.clear_state": {"executed_lines": [], "summary": {"covered_lines": 0, "num_statements": 15, "percent_covered": 0.0, "percent_covered_display": "0", "missing_lines": 15, "excluded_lines": 0}, "missing_lines": [188, 189, 190, 191, 192, 193, 194, 195, 196, 198, 199, 202, 203, 204, 208], "excluded_lines": []}, "CircuitBreakerStore.clear_all_states": {"executed_lines": [], "summary": {"covered_lines": 0, "num_statements": 12, "percent_covered": 0.0, "percent_covered_display": "0", "missing_lines": 12, "excluded_lines": 0}, "missing_lines": [214, 215, 216, 217, 218, 219, 221, 222, 223, 224, 225, 229], "excluded_lines": []}, "CircuitBreakerStore.get_all_states": {"executed_lines": [], "summary": {"covered_lines": 0, "num_statements": 4, "percent_covered": 0.0, "percent_covered_display": "0", "missing_lines": 4, "excluded_lines": 0}, "missing_lines": [239, 240, 241, 242], "excluded_lines": []}, "CircuitBreakerStore.start_auto_save": {"executed_lines": [], "summary": {"covered_lines": 0, "num_statements": 3, "percent_covered": 0.0, "percent_covered_display": "0", "missing_lines": 3, "excluded_lines": 0}, "missing_lines": [250, 251, 254], "excluded_lines": []}, "CircuitBreakerStore.stop_auto_save": {"executed_lines": [], "summary": {"covered_lines": 0, "num_statements": 7, "percent_covered": 0.0, "percent_covered_display": "0", "missing_lines": 7, "excluded_lines": 0}, "missing_lines": [260, 261, 262, 263, 264, 265, 266], "excluded_lines": []}, "CircuitBreakerStore._load_all_states": {"executed_lines": [270, 271, 272, 275, 276, 280, 282, 283, 284], "summary": {"covered_lines": 9, "num_statements": 9, "percent_covered": 100.0, "percent_covered_display": "100", "missing_lines": 0, "excluded_lines": 0}, "missing_lines": [], "excluded_lines": []}, "CircuitBreakerStore._save_all_states": {"executed_lines": [288, 289, 293, 295, 299, 301, 302, 307, 313, 314, 318, 319, 320, 321, 322, 323], "summary": {"covered_lines": 16, "num_statements": 21, "percent_covered": 76.19047619047619, "percent_covered_display": "76", "missing_lines": 5, "excluded_lines": 0}, "missing_lines": [315, 316, 324, 325, 328], "excluded_lines": []}, "CircuitBreakerStore._auto_save_loop": {"executed_lines": [], "summary": {"covered_lines": 0, "num_statements": 9, "percent_covered": 0.0, "percent_covered_display": "0", "missing_lines": 9, "excluded_lines": 0}, "missing_lines": [332, 333, 334, 337, 339, 340, 341, 342, 347], "excluded_lines": []}, "get_circuit_breaker_store": {"executed_lines": [357, 358, 359], "summary": {"covered_lines": 3, "num_statements": 3, "percent_covered": 100.0, "percent_covered_display": "100", "missing_lines": 0, "excluded_lines": 0}, "missing_lines": [], "excluded_lines": []}, "save_circuit_breaker_state": {"executed_lines": [373, 374, 381], "summary": {"covered_lines": 3, "num_statements": 3, "percent_covered": 100.0, "percent_covered_display": "100", "missing_lines": 0, "excluded_lines": 0}, "missing_lines": [], "excluded_lines": []}, "load_circuit_breaker_state": {"executed_lines": [393, 394], "summary": {"covered_lines": 2, "num_statements": 2, "percent_covered": 100.0, "percent_covered_display": "100", "missing_lines": 0, "excluded_lines": 0}, "missing_lines": [], "excluded_lines": []}, "": {"executed_lines": [1, 3, 4, 5, 6, 7, 8, 10, 17, 20, 21, 27, 114, 150, 182, 212, 233, 244, 258, 268, 286, 330, 351, 354, 362, 384], "summary": {"covered_lines": 24, "num_statements": 24, "percent_covered": 100.0, "percent_covered_display": "100", "missing_lines": 0, "excluded_lines": 0}, "missing_lines": [], "excluded_lines": []}}, "classes": {"CircuitBreakerStore": {"executed_lines": [33, 34, 35, 36, 39, 43, 44, 49, 53, 60, 62, 70, 71, 76, 77, 78, 79, 80, 81, 82, 83, 84, 86, 87, 94, 95, 99, 100, 101, 102, 103, 107, 108, 109, 112, 121, 122, 123, 124, 126, 129, 135, 136, 138, 141, 142, 146, 159, 160, 161, 162, 163, 164, 166, 167, 168, 170, 270, 271, 272, 275, 276, 280, 282, 283, 284, 288, 289, 293, 295, 299, 301, 302, 307, 313, 314, 318, 319, 320, 321, 322, 323], "summary": {"covered_lines": 82, "num_statements": 148, "percent_covered": 55.4054054054054, "percent_covered_display": "55", "missing_lines": 66, "excluded_lines": 0}, "missing_lines": [55, 72, 73, 139, 140, 172, 173, 174, 175, 176, 180, 188, 189, 190, 191, 192, 193, 194, 195, 196, 198, 199, 202, 203, 204, 208, 214, 215, 216, 217, 218, 219, 221, 222, 223, 224, 225, 229, 239, 240, 241, 242, 250, 251, 254, 260, 261, 262, 263, 264, 265, 266, 315, 316, 324, 325, 328, 332, 333, 334, 337, 339, 340, 341, 342, 347], "excluded_lines": []}, "": {"executed_lines": [1, 3, 4, 5, 6, 7, 8, 10, 17, 20, 21, 27, 114, 150, 182, 212, 233, 244, 258, 268, 286, 330, 351, 354, 357, 358, 359, 362, 373, 374, 381, 384, 393, 394], "summary": {"covered_lines": 32, "num_statements": 32, "percent_covered": 100.0, "percent_covered_display": "100", "missing_lines": 0, "excluded_lines": 0}, "missing_lines": [], "excluded_lines": []}}}, "src/context_switcher_mcp/circular_buffer.py": {"executed_lines": [1, 3, 4, 6, 9, 10, 16, 22, 25, 26, 28, 33, 35, 39, 48, 50, 52, 56, 60, 62, 64, 66, 68, 72, 73, 75, 77, 78, 80, 82, 86, 87, 88], "summary": {"covered_lines": 31, "num_statements": 38, "percent_covered": 81.57894736842105, "percent_covered_display": "82", "missing_lines": 7, "excluded_lines": 0}, "missing_lines": [23, 37, 49, 54, 58, 70, 83], "excluded_lines": [], "functions": {"CircularBuffer.__init__": {"executed_lines": [22, 25, 26], "summary": {"covered_lines": 3, "num_statements": 4, "percent_covered": 75.0, "percent_covered_display": "75", "missing_lines": 1, "excluded_lines": 0}, "missing_lines": [23], "excluded_lines": []}, "CircularBuffer.append": {"executed_lines": [33], "summary": {"covered_lines": 1, "num_statements": 1, "percent_covered": 100.0, "percent_covered_display": "100", "missing_lines": 0, "excluded_lines": 0}, "missing_lines": [], "excluded_lines": []}, "CircularBuffer.extend": {"executed_lines": [], "summary": {"covered_lines": 0, "num_statements": 1, "percent_covered": 0.0, "percent_covered_display": "0", "missing_lines": 1, "excluded_lines": 0}, "missing_lines": [37], "excluded_lines": []}, "CircularBuffer.get_recent": {"executed_lines": [48, 50], "summary": {"covered_lines": 2, "num_statements": 3, "percent_covered": 66.66666666666667, "percent_covered_display": "67", "missing_lines": 1, "excluded_lines": 0}, "missing_lines": [49], "excluded_lines": []}, "CircularBuffer.get_all": {"executed_lines": [], "summary": {"covered_lines": 0, "num_statements": 1, "percent_covered": 0.0, "percent_covered_display": "0", "missing_lines": 1, "excluded_lines": 0}, "missing_lines": [54], "excluded_lines": []}, "CircularBuffer.clear": {"executed_lines": [], "summary": {"covered_lines": 0, "num_statements": 1, "percent_covered": 0.0, "percent_covered_display": "0", "missing_lines": 1, "excluded_lines": 0}, "missing_lines": [58], "excluded_lines": []}, "CircularBuffer.__len__": {"executed_lines": [62], "summary": {"covered_lines": 1, "num_statements": 1, "percent_covered": 100.0, "percent_covered_display": "100", "missing_lines": 0, "excluded_lines": 0}, "missing_lines": [], "excluded_lines": []}, "CircularBuffer.is_empty": {"executed_lines": [66], "summary": {"covered_lines": 1, "num_statements": 1, "percent_covered": 100.0, "percent_covered_display": "100", "missing_lines": 0, "excluded_lines": 0}, "missing_lines": [], "excluded_lines": []}, "CircularBuffer.is_full": {"executed_lines": [], "summary": {"covered_lines": 0, "num_statements": 1, "percent_covered": 0.0, "percent_covered_display": "0", "missing_lines": 1, "excluded_lines": 0}, "missing_lines": [70], "excluded_lines": []}, "CircularBuffer.maxsize": {"executed_lines": [75], "summary": {"covered_lines": 1, "num_statements": 1, "percent_covered": 100.0, "percent_covered_display": "100", "missing_lines": 0, "excluded_lines": 0}, "missing_lines": [], "excluded_lines": []}, "CircularBuffer.memory_usage_mb": {"executed_lines": [80, 82, 86, 87, 88], "summary": {"covered_lines": 5, "num_statements": 6, "percent_covered": 83.33333333333333, "percent_covered_display": "83", "missing_lines": 1, "excluded_lines": 0}, "missing_lines": [83], "excluded_lines": []}, "": {"executed_lines": [1, 3, 4, 6, 9, 10, 16, 28, 35, 39, 52, 56, 60, 64, 68, 72, 73, 77, 78], "summary": {"covered_lines": 17, "num_statements": 17, "percent_covered": 100.0, "percent_covered_display": "100", "missing_lines": 0, "excluded_lines": 0}, "missing_lines": [], "excluded_lines": []}}, "classes": {"CircularBuffer": {"executed_lines": [22, 25, 26, 33, 48, 50, 62, 66, 75, 80, 82, 86, 87, 88], "summary": {"covered_lines": 14, "num_statements": 21, "percent_covered": 66.66666666666667, "percent_covered_display": "67", "missing_lines": 7, "excluded_lines": 0}, "missing_lines": [23, 37, 49, 54, 58, 70, 83], "excluded_lines": []}, "": {"executed_lines": [1, 3, 4, 6, 9, 10, 16, 28, 35, 39, 52, 56, 60, 64, 68, 72, 73, 77, 78], "summary": {"covered_lines": 17, "num_statements": 17, "percent_covered": 100.0, "percent_covered_display": "100", "missing_lines": 0, "excluded_lines": 0}, "missing_lines": [], "excluded_lines": []}}}, "src/context_switcher_mcp/client_binding.py": {"executed_lines": [1, 5, 6, 7, 8, 9, 10, 11, 12, 14, 16, 20, 29, 30, 31, 32, 35, 36, 38, 39, 40, 41, 42, 43, 44, 49, 50, 53, 55, 60, 61, 62, 65, 74, 76, 80, 81, 83, 84, 87, 88, 91, 92, 116, 120, 124, 125, 127, 128, 129, 130, 132, 134, 135, 136, 137, 138, 139, 145, 147, 148, 149, 151, 154, 155, 157, 158, 159, 161, 169, 171, 175, 176, 178, 179, 182, 183, 186, 187, 211, 213, 227, 234, 237, 238, 239, 240, 243, 244, 246, 253, 254, 255, 258, 259, 261, 273, 275, 276, 277, 278, 287, 291, 292, 294, 306, 308, 311, 313, 316, 322, 323, 324, 329, 333, 337, 340, 341, 351, 352, 355, 358, 360, 362, 374, 377, 379, 380, 381, 382, 385, 392, 395, 397, 407, 408, 411, 412, 413, 417, 420, 422, 424, 430, 431, 433, 438, 439, 443, 452, 458, 472, 475, 488, 491, 494, 503, 504, 507, 519, 522, 537, 538, 547, 550, 551, 554], "summary": {"covered_lines": 164, "num_statements": 219, "percent_covered": 74.88584474885845, "percent_covered_display": "75", "missing_lines": 55, "excluded_lines": 0}, "missing_lines": [45, 46, 56, 58, 93, 94, 97, 98, 99, 102, 103, 105, 106, 107, 110, 111, 113, 114, 142, 143, 188, 189, 192, 193, 194, 197, 198, 200, 201, 202, 205, 206, 208, 209, 216, 217, 220, 221, 222, 223, 225, 229, 230, 317, 318, 319, 334, 335, 386, 387, 388, 389, 393, 445, 446], "excluded_lines": [], "functions": {"_load_or_generate_secret_key": {"executed_lines": [29, 30, 31, 32, 35, 36, 38, 39, 40, 41, 42, 43, 44, 49, 50, 53, 55, 60, 61, 62, 65, 74, 76, 80, 81, 83, 84, 87, 88, 91, 92, 116], "summary": {"covered_lines": 32, "num_statements": 50, "percent_covered": 64.0, "percent_covered_display": "64", "missing_lines": 18, "excluded_lines": 0}, "missing_lines": [45, 46, 56, 58, 93, 94, 97, 98, 99, 102, 103, 105, 106, 107, 110, 111, 113, 114], "excluded_lines": []}, "SecretKeyManager.__init__": {"executed_lines": [128, 129, 130], "summary": {"covered_lines": 3, "num_statements": 3, "percent_covered": 100.0, "percent_covered_display": "100", "missing_lines": 0, "excluded_lines": 0}, "missing_lines": [], "excluded_lines": []}, "SecretKeyManager._load_previous_keys": {"executed_lines": [134, 135, 136, 137, 138, 139], "summary": {"covered_lines": 6, "num_statements": 8, "percent_covered": 75.0, "percent_covered_display": "75", "missing_lines": 2, "excluded_lines": 0}, "missing_lines": [142, 143], "excluded_lines": []}, "SecretKeyManager.rotate_key": {"executed_lines": [147, 148, 149, 151, 154, 155, 157, 158, 159, 161, 169, 171, 175, 176, 178, 179, 182, 183, 186, 187, 211], "summary": {"covered_lines": 21, "num_statements": 35, "percent_covered": 60.0, "percent_covered_display": "60", "missing_lines": 14, "excluded_lines": 0}, "missing_lines": [188, 189, 192, 193, 194, 197, 198, 200, 201, 202, 205, 206, 208, 209], "excluded_lines": []}, "SecretKeyManager.validate_with_any_key": {"executed_lines": [], "summary": {"covered_lines": 0, "num_statements": 7, "percent_covered": 0.0, "percent_covered_display": "0", "missing_lines": 7, "excluded_lines": 0}, "missing_lines": [216, 217, 220, 221, 222, 223, 225], "excluded_lines": []}, "SecretKeyManager._validate_signature": {"executed_lines": [], "summary": {"covered_lines": 0, "num_statements": 2, "percent_covered": 0.0, "percent_covered_display": "0", "missing_lines": 2, "excluded_lines": 0}, "missing_lines": [229, 230], "excluded_lines": []}, "ClientBindingManager.__init__": {"executed_lines": [253, 254, 255, 258, 259], "summary": {"covered_lines": 5, "num_statements": 5, "percent_covered": 100.0, "percent_covered_display": "100", "missing_lines": 0, "excluded_lines": 0}, "missing_lines": [], "excluded_lines": []}, "ClientBindingManager.create_client_binding": {"executed_lines": [273, 275, 276, 277, 278, 287, 291, 292], "summary": {"covered_lines": 8, "num_statements": 8, "percent_covered": 100.0, "percent_covered_display": "100", "missing_lines": 0, "excluded_lines": 0}, "missing_lines": [], "excluded_lines": []}, "ClientBindingManager.validate_session_binding": {"executed_lines": [306, 308, 311, 313, 316, 322, 323, 324, 329, 333, 337, 340, 341, 351, 352, 355, 358, 360], "summary": {"covered_lines": 18, "num_statements": 23, "percent_covered": 78.26086956521739, "percent_covered_display": "78", "missing_lines": 5, "excluded_lines": 0}, "missing_lines": [317, 318, 319, 334, 335], "excluded_lines": []}, "ClientBindingManager._is_suspicious_access": {"executed_lines": [374, 377, 379, 380, 381, 382, 385, 392, 395], "summary": {"covered_lines": 9, "num_statements": 14, "percent_covered": 64.28571428571429, "percent_covered_display": "64", "missing_lines": 5, "excluded_lines": 0}, "missing_lines": [386, 387, 388, 389, 393], "excluded_lines": []}, "ClientBindingManager._validate_binding_with_rotation": {"executed_lines": [407, 408, 411, 412, 413, 417, 420, 422], "summary": {"covered_lines": 8, "num_statements": 8, "percent_covered": 100.0, "percent_covered_display": "100", "missing_lines": 0, "excluded_lines": 0}, "missing_lines": [], "excluded_lines": []}, "ClientBindingManager._mark_session_suspicious": {"executed_lines": [430, 431], "summary": {"covered_lines": 2, "num_statements": 2, "percent_covered": 100.0, "percent_covered_display": "100", "missing_lines": 0, "excluded_lines": 0}, "missing_lines": [], "excluded_lines": []}, "ClientBindingManager.rotate_secret_key": {"executed_lines": [438, 439], "summary": {"covered_lines": 2, "num_statements": 2, "percent_covered": 100.0, "percent_covered_display": "100", "missing_lines": 0, "excluded_lines": 0}, "missing_lines": [], "excluded_lines": []}, "ClientBindingManager.cleanup_suspicious_sessions": {"executed_lines": [], "summary": {"covered_lines": 0, "num_statements": 2, "percent_covered": 0.0, "percent_covered_display": "0", "missing_lines": 2, "excluded_lines": 0}, "missing_lines": [445, 446], "excluded_lines": []}, "ClientBindingManager.get_security_metrics": {"executed_lines": [458], "summary": {"covered_lines": 1, "num_statements": 1, "percent_covered": 100.0, "percent_covered_display": "100", "missing_lines": 0, "excluded_lines": 0}, "missing_lines": [], "excluded_lines": []}, "create_secure_session_with_binding": {"executed_lines": [488, 491, 494, 503, 504], "summary": {"covered_lines": 5, "num_statements": 5, "percent_covered": 100.0, "percent_covered_display": "100", "missing_lines": 0, "excluded_lines": 0}, "missing_lines": [], "excluded_lines": []}, "validate_session_access": {"executed_lines": [519], "summary": {"covered_lines": 1, "num_statements": 1, "percent_covered": 100.0, "percent_covered_display": "100", "missing_lines": 0, "excluded_lines": 0}, "missing_lines": [], "excluded_lines": []}, "log_security_event_with_binding": {"executed_lines": [537, 538, 547, 550, 551, 554], "summary": {"covered_lines": 6, "num_statements": 6, "percent_covered": 100.0, "percent_covered_display": "100", "missing_lines": 0, "excluded_lines": 0}, "missing_lines": [], "excluded_lines": []}, "": {"executed_lines": [1, 5, 6, 7, 8, 9, 10, 11, 12, 14, 16, 20, 120, 124, 125, 127, 132, 145, 213, 227, 234, 237, 238, 239, 240, 243, 244, 246, 261, 294, 362, 397, 424, 433, 443, 452, 472, 475, 507, 522], "summary": {"covered_lines": 37, "num_statements": 37, "percent_covered": 100.0, "percent_covered_display": "100", "missing_lines": 0, "excluded_lines": 0}, "missing_lines": [], "excluded_lines": []}}, "classes": {"SecretKeyManager": {"executed_lines": [128, 129, 130, 134, 135, 136, 137, 138, 139, 147, 148, 149, 151, 154, 155, 157, 158, 159, 161, 169, 171, 175, 176, 178, 179, 182, 183, 186, 187, 211], "summary": {"covered_lines": 30, "num_statements": 55, "percent_covered": 54.54545454545455, "percent_covered_display": "55", "missing_lines": 25, "excluded_lines": 0}, "missing_lines": [142, 143, 188, 189, 192, 193, 194, 197, 198, 200, 201, 202, 205, 206, 208, 209, 216, 217, 220, 221, 222, 223, 225, 229, 230], "excluded_lines": []}, "ClientBindingManager": {"executed_lines": [253, 254, 255, 258, 259, 273, 275, 276, 277, 278, 287, 291, 292, 306, 308, 311, 313, 316, 322, 323, 324, 329, 333, 337, 340, 341, 351, 352, 355, 358, 360, 374, 377, 379, 380, 381, 382, 385, 392, 395, 407, 408, 411, 412, 413, 417, 420, 422, 430, 431, 438, 439, 458], "summary": {"covered_lines": 53, "num_statements": 65, "percent_covered": 81.53846153846153, "percent_covered_display": "82", "missing_lines": 12, "excluded_lines": 0}, "missing_lines": [317, 318, 319, 334, 335, 386, 387, 388, 389, 393, 445, 446], "excluded_lines": []}, "": {"executed_lines": [1, 5, 6, 7, 8, 9, 10, 11, 12, 14, 16, 20, 29, 30, 31, 32, 35, 36, 38, 39, 40, 41, 42, 43, 44, 49, 50, 53, 55, 60, 61, 62, 65, 74, 76, 80, 81, 83, 84, 87, 88, 91, 92, 116, 120, 124, 125, 127, 132, 145, 213, 227, 234, 237, 238, 239, 240, 243, 244, 246, 261, 294, 362, 397, 424, 433, 443, 452, 472, 475, 488, 491, 494, 503, 504, 507, 519, 522, 537, 538, 547, 550, 551, 554], "summary": {"covered_lines": 81, "num_statements": 99, "percent_covered": 81.81818181818181, "percent_covered_display": "82", "missing_lines": 18, "excluded_lines": 0}, "missing_lines": [45, 46, 56, 58, 93, 94, 97, 98, 99, 102, 103, 105, 106, 107, 110, 111, 113, 114], "excluded_lines": []}}}, "src/context_switcher_mcp/compression.py": {"executed_lines": [1, 3, 4, 7, 19, 21, 22, 23, 28, 31, 71, 110], "summary": {"covered_lines": 11, "num_statements": 56, "percent_covered": 19.642857142857142, "percent_covered_display": "20", "missing_lines": 45, "excluded_lines": 0}, "missing_lines": [26, 41, 42, 45, 48, 49, 51, 52, 53, 54, 55, 58, 59, 60, 62, 65, 66, 68, 85, 86, 89, 90, 93, 96, 97, 100, 102, 105, 107, 123, 124, 125, 128, 129, 132, 133, 138, 141, 142, 143, 145, 148, 149, 151, 165], "excluded_lines": [], "functions": {"compress_perspectives": {"executed_lines": [19, 21, 22, 23, 28], "summary": {"covered_lines": 5, "num_statements": 6, "percent_covered": 83.33333333333333, "percent_covered_display": "83", "missing_lines": 1, "excluded_lines": 0}, "missing_lines": [26], "excluded_lines": []}, "truncate_text": {"executed_lines": [], "summary": {"covered_lines": 0, "num_statements": 17, "percent_covered": 0.0, "percent_covered_display": "0", "missing_lines": 17, "excluded_lines": 0}, "missing_lines": [41, 42, 45, 48, 49, 51, 52, 53, 54, 55, 58, 59, 60, 62, 65, 66, 68], "excluded_lines": []}, "estimate_token_count": {"executed_lines": [], "summary": {"covered_lines": 0, "num_statements": 11, "percent_covered": 0.0, "percent_covered_display": "0", "missing_lines": 11, "excluded_lines": 0}, "missing_lines": [85, 86, 89, 90, 93, 96, 97, 100, 102, 105, 107], "excluded_lines": []}, "prepare_synthesis_input": {"executed_lines": [], "summary": {"covered_lines": 0, "num_statements": 16, "percent_covered": 0.0, "percent_covered_display": "0", "missing_lines": 16, "excluded_lines": 0}, "missing_lines": [123, 124, 125, 128, 129, 132, 133, 138, 141, 142, 143, 145, 148, 149, 151, 165], "excluded_lines": []}, "": {"executed_lines": [1, 3, 4, 7, 31, 71, 110], "summary": {"covered_lines": 6, "num_statements": 6, "percent_covered": 100.0, "percent_covered_display": "100", "missing_lines": 0, "excluded_lines": 0}, "missing_lines": [], "excluded_lines": []}}, "classes": {"": {"executed_lines": [1, 3, 4, 7, 19, 21, 22, 23, 28, 31, 71, 110], "summary": {"covered_lines": 11, "num_statements": 56, "percent_covered": 19.642857142857142, "percent_covered_display": "20", "missing_lines": 45, "excluded_lines": 0}, "missing_lines": [26, 41, 42, 45, 48, 49, 51, 52, 53, 54, 55, 58, 59, 60, 62, 65, 66, 68, 85, 86, 89, 90, 93, 96, 97, 100, 102, 105, 107, 123, 124, 125, 128, 129, 132, 133, 138, 141, 142, 143, 145, 148, 149, 151, 165], "excluded_lines": []}}}, "src/context_switcher_mcp/confidence_metrics.py": {"executed_lines": [], "summary": {"covered_lines": 0, "num_statements": 144, "percent_covered": 0.0, "percent_covered_display": "0", "missing_lines": 144, "excluded_lines": 0}, "missing_lines": [3, 4, 5, 6, 9, 12, 13, 14, 15, 16, 19, 20, 24, 25, 26, 27, 30, 31, 32, 35, 36, 38, 39, 41, 53, 65, 67, 68, 70, 71, 72, 73, 74, 75, 76, 77, 78, 80, 83, 86, 88, 109, 122, 131, 133, 146, 160, 162, 165, 166, 169, 170, 171, 174, 177, 179, 181, 183, 184, 186, 187, 190, 195, 198, 200, 203, 205, 208, 213, 214, 215, 218, 221, 222, 224, 225, 227, 230, 235, 236, 238, 239, 241, 244, 249, 250, 253, 255, 263, 265, 267, 273, 276, 280, 283, 285, 287, 292, 298, 302, 303, 305, 308, 321, 322, 323, 325, 326, 330, 332, 341, 342, 345, 351, 352, 355, 358, 363, 366, 369, 370, 371, 374, 376, 379, 388, 424, 427, 432, 435, 443, 451, 460, 463, 466, 471, 472, 475, 478, 479, 484, 489, 496, 509], "excluded_lines": [], "functions": {"QualityMetrics.overall_score": {"executed_lines": [], "summary": {"covered_lines": 0, "num_statements": 3, "percent_covered": 0.0, "percent_covered_display": "0", "missing_lines": 3, "excluded_lines": 0}, "missing_lines": [41, 53, 65], "excluded_lines": []}, "QualityMetrics.quality_level": {"executed_lines": [], "summary": {"covered_lines": 0, "num_statements": 10, "percent_covered": 0.0, "percent_covered_display": "0", "missing_lines": 10, "excluded_lines": 0}, "missing_lines": [70, 71, 72, 73, 74, 75, 76, 77, 78, 80], "excluded_lines": []}, "ConfidenceCalibrator.__init__": {"executed_lines": [], "summary": {"covered_lines": 0, "num_statements": 2, "percent_covered": 0.0, "percent_covered_display": "0", "missing_lines": 2, "excluded_lines": 0}, "missing_lines": [88, 109], "excluded_lines": []}, "ConfidenceCalibrator.analyze_response_quality": {"executed_lines": [], "summary": {"covered_lines": 0, "num_statements": 4, "percent_covered": 0.0, "percent_covered_display": "0", "missing_lines": 4, "excluded_lines": 0}, "missing_lines": [131, 133, 146, 160], "excluded_lines": []}, "ConfidenceCalibrator._calculate_depth_score": {"executed_lines": [], "summary": {"covered_lines": 0, "num_statements": 8, "percent_covered": 0.0, "percent_covered_display": "0", "missing_lines": 8, "excluded_lines": 0}, "missing_lines": [165, 166, 169, 170, 171, 174, 177, 179], "excluded_lines": []}, "ConfidenceCalibrator._calculate_specificity_score": {"executed_lines": [], "summary": {"covered_lines": 0, "num_statements": 9, "percent_covered": 0.0, "percent_covered_display": "0", "missing_lines": 9, "excluded_lines": 0}, "missing_lines": [183, 184, 186, 187, 190, 195, 198, 200, 203], "excluded_lines": []}, "ConfidenceCalibrator._calculate_coherence_score": {"executed_lines": [], "summary": {"covered_lines": 0, "num_statements": 9, "percent_covered": 0.0, "percent_covered_display": "0", "missing_lines": 9, "excluded_lines": 0}, "missing_lines": [208, 213, 214, 215, 218, 221, 222, 224, 225], "excluded_lines": []}, "ConfidenceCalibrator._calculate_relevance_score": {"executed_lines": [], "summary": {"covered_lines": 0, "num_statements": 5, "percent_covered": 0.0, "percent_covered_display": "0", "missing_lines": 5, "excluded_lines": 0}, "missing_lines": [230, 235, 236, 238, 239], "excluded_lines": []}, "ConfidenceCalibrator._calculate_structure_score": {"executed_lines": [], "summary": {"covered_lines": 0, "num_statements": 6, "percent_covered": 0.0, "percent_covered_display": "0", "missing_lines": 6, "excluded_lines": 0}, "missing_lines": [244, 249, 250, 253, 255, 263], "excluded_lines": []}, "ConfidenceCalibrator._calculate_actionability_score": {"executed_lines": [], "summary": {"covered_lines": 0, "num_statements": 5, "percent_covered": 0.0, "percent_covered_display": "0", "missing_lines": 5, "excluded_lines": 0}, "missing_lines": [267, 273, 276, 280, 283], "excluded_lines": []}, "ConfidenceCalibrator._calculate_evidence_score": {"executed_lines": [], "summary": {"covered_lines": 0, "num_statements": 5, "percent_covered": 0.0, "percent_covered_display": "0", "missing_lines": 5, "excluded_lines": 0}, "missing_lines": [287, 292, 298, 302, 303], "excluded_lines": []}, "ConfidenceCalibrator._calculate_alignment_score": {"executed_lines": [], "summary": {"covered_lines": 0, "num_statements": 7, "percent_covered": 0.0, "percent_covered_display": "0", "missing_lines": 7, "excluded_lines": 0}, "missing_lines": [308, 321, 322, 323, 325, 326, 330], "excluded_lines": []}, "ConfidenceCalibrator.calculate_enhanced_confidence": {"executed_lines": [], "summary": {"covered_lines": 0, "num_statements": 17, "percent_covered": 0.0, "percent_covered_display": "0", "missing_lines": 17, "excluded_lines": 0}, "missing_lines": [341, 342, 345, 351, 352, 355, 358, 363, 366, 369, 370, 371, 374, 376, 379, 388, 424], "excluded_lines": []}, "analyze_synthesis_quality": {"executed_lines": [], "summary": {"covered_lines": 0, "num_statements": 16, "percent_covered": 0.0, "percent_covered_display": "0", "missing_lines": 16, "excluded_lines": 0}, "missing_lines": [432, 435, 443, 451, 460, 463, 466, 471, 472, 475, 478, 479, 484, 489, 496, 509], "excluded_lines": []}, "": {"executed_lines": [], "summary": {"covered_lines": 0, "num_statements": 38, "percent_covered": 0.0, "percent_covered_display": "0", "missing_lines": 38, "excluded_lines": 0}, "missing_lines": [3, 4, 5, 6, 9, 12, 13, 14, 15, 16, 19, 20, 24, 25, 26, 27, 30, 31, 32, 35, 36, 38, 39, 67, 68, 83, 86, 122, 162, 181, 205, 227, 241, 265, 285, 305, 332, 427], "excluded_lines": []}}, "classes": {"ResponseQuality": {"executed_lines": [], "summary": {"covered_lines": 0, "num_statements": 0, "percent_covered": 100.0, "percent_covered_display": "100", "missing_lines": 0, "excluded_lines": 0}, "missing_lines": [], "excluded_lines": []}, "QualityMetrics": {"executed_lines": [], "summary": {"covered_lines": 0, "num_statements": 13, "percent_covered": 0.0, "percent_covered_display": "0", "missing_lines": 13, "excluded_lines": 0}, "missing_lines": [41, 53, 65, 70, 71, 72, 73, 74, 75, 76, 77, 78, 80], "excluded_lines": []}, "ConfidenceCalibrator": {"executed_lines": [], "summary": {"covered_lines": 0, "num_statements": 77, "percent_covered": 0.0, "percent_covered_display": "0", "missing_lines": 77, "excluded_lines": 0}, "missing_lines": [88, 109, 131, 133, 146, 160, 165, 166, 169, 170, 171, 174, 177, 179, 183, 184, 186, 187, 190, 195, 198, 200, 203, 208, 213, 214, 215, 218, 221, 222, 224, 225, 230, 235, 236, 238, 239, 244, 249, 250, 253, 255, 263, 267, 273, 276, 280, 283, 287, 292, 298, 302, 303, 308, 321, 322, 323, 325, 326, 330, 341, 342, 345, 351, 352, 355, 358, 363, 366, 369, 370, 371, 374, 376, 379, 388, 424], "excluded_lines": []}, "": {"executed_lines": [], "summary": {"covered_lines": 0, "num_statements": 54, "percent_covered": 0.0, "percent_covered_display": "0", "missing_lines": 54, "excluded_lines": 0}, "missing_lines": [3, 4, 5, 6, 9, 12, 13, 14, 15, 16, 19, 20, 24, 25, 26, 27, 30, 31, 32, 35, 36, 38, 39, 67, 68, 83, 86, 122, 162, 181, 205, 227, 241, 265, 285, 305, 332, 427, 432, 435, 443, 451, 460, 463, 466, 471, 472, 475, 478, 479, 484, 489, 496, 509], "excluded_lines": []}}}, "src/context_switcher_mcp/config.py": {"executed_lines": [1, 3, 4, 7, 8, 9, 11, 12, 13, 14, 17, 18, 19, 20, 23, 24, 25, 27, 28, 31, 32, 33, 35, 36, 37, 38, 41, 42, 43, 45, 46, 47, 50, 51, 52, 54, 55, 58, 59, 60, 62, 63, 64, 65, 68, 69, 70, 72, 73, 74, 75, 78, 79, 80, 82, 83, 84, 87, 88, 89, 91, 93, 106, 111, 122, 128, 133, 140, 147, 154, 157, 159, 162], "summary": {"covered_lines": 63, "num_statements": 65, "percent_covered": 96.92307692307692, "percent_covered_display": "97", "missing_lines": 2, "excluded_lines": 0}, "missing_lines": [165, 166], "excluded_lines": [], "functions": {"ContextSwitcherConfig.__init__": {"executed_lines": [93, 106, 111, 122, 128, 133, 140, 147], "summary": {"covered_lines": 8, "num_statements": 8, "percent_covered": 100.0, "percent_covered_display": "100", "missing_lines": 0, "excluded_lines": 0}, "missing_lines": [], "excluded_lines": []}, "get_config": {"executed_lines": [159], "summary": {"covered_lines": 1, "num_statements": 1, "percent_covered": 100.0, "percent_covered_display": "100", "missing_lines": 0, "excluded_lines": 0}, "missing_lines": [], "excluded_lines": []}, "reload_config": {"executed_lines": [], "summary": {"covered_lines": 0, "num_statements": 2, "percent_covered": 0.0, "percent_covered_display": "0", "missing_lines": 2, "excluded_lines": 0}, "missing_lines": [165, 166], "excluded_lines": []}, "": {"executed_lines": [1, 3, 4, 7, 8, 9, 11, 12, 13, 14, 17, 18, 19, 20, 23, 24, 25, 27, 28, 31, 32, 33, 35, 36, 37, 38, 41, 42, 43, 45, 46, 47, 50, 51, 52, 54, 55, 58, 59, 60, 62, 63, 64, 65, 68, 69, 70, 72, 73, 74, 75, 78, 79, 80, 82, 83, 84, 87, 88, 89, 91, 154, 157, 162], "summary": {"covered_lines": 54, "num_statements": 54, "percent_covered": 100.0, "percent_covered_display": "100", "missing_lines": 0, "excluded_lines": 0}, "missing_lines": [], "excluded_lines": []}}, "classes": {"ModelConfig": {"executed_lines": [], "summary": {"covered_lines": 0, "num_statements": 0, "percent_covered": 100.0, "percent_covered_display": "100", "missing_lines": 0, "excluded_lines": 0}, "missing_lines": [], "excluded_lines": []}, "CircuitBreakerConfig": {"executed_lines": [], "summary": {"covered_lines": 0, "num_statements": 0, "percent_covered": 100.0, "percent_covered_display": "100", "missing_lines": 0, "excluded_lines": 0}, "missing_lines": [], "excluded_lines": []}, "ValidationConfig": {"executed_lines": [], "summary": {"covered_lines": 0, "num_statements": 0, "percent_covered": 100.0, "percent_covered_display": "100", "missing_lines": 0, "excluded_lines": 0}, "missing_lines": [], "excluded_lines": []}, "SessionConfig": {"executed_lines": [], "summary": {"covered_lines": 0, "num_statements": 0, "percent_covered": 100.0, "percent_covered_display": "100", "missing_lines": 0, "excluded_lines": 0}, "missing_lines": [], "excluded_lines": []}, "MetricsConfig": {"executed_lines": [], "summary": {"covered_lines": 0, "num_statements": 0, "percent_covered": 100.0, "percent_covered_display": "100", "missing_lines": 0, "excluded_lines": 0}, "missing_lines": [], "excluded_lines": []}, "RetryConfig": {"executed_lines": [], "summary": {"covered_lines": 0, "num_statements": 0, "percent_covered": 100.0, "percent_covered_display": "100", "missing_lines": 0, "excluded_lines": 0}, "missing_lines": [], "excluded_lines": []}, "ReasoningConfig": {"executed_lines": [], "summary": {"covered_lines": 0, "num_statements": 0, "percent_covered": 100.0, "percent_covered_display": "100", "missing_lines": 0, "excluded_lines": 0}, "missing_lines": [], "excluded_lines": []}, "ServerConfig": {"executed_lines": [], "summary": {"covered_lines": 0, "num_statements": 0, "percent_covered": 100.0, "percent_covered_display": "100", "missing_lines": 0, "excluded_lines": 0}, "missing_lines": [], "excluded_lines": []}, "ContextSwitcherConfig": {"executed_lines": [93, 106, 111, 122, 128, 133, 140, 147], "summary": {"covered_lines": 8, "num_statements": 8, "percent_covered": 100.0, "percent_covered_display": "100", "missing_lines": 0, "excluded_lines": 0}, "missing_lines": [], "excluded_lines": []}, "": {"executed_lines": [1, 3, 4, 7, 8, 9, 11, 12, 13, 14, 17, 18, 19, 20, 23, 24, 25, 27, 28, 31, 32, 33, 35, 36, 37, 38, 41, 42, 43, 45, 46, 47, 50, 51, 52, 54, 55, 58, 59, 60, 62, 63, 64, 65, 68, 69, 70, 72, 73, 74, 75, 78, 79, 80, 82, 83, 84, 87, 88, 89, 91, 154, 157, 159, 162], "summary": {"covered_lines": 55, "num_statements": 57, "percent_covered": 96.49122807017544, "percent_covered_display": "96", "missing_lines": 2, "excluded_lines": 0}, "missing_lines": [165, 166], "excluded_lines": []}}}, "src/context_switcher_mcp/constants.py": {"executed_lines": [1, 4], "summary": {"covered_lines": 1, "num_statements": 1, "percent_covered": 100.0, "percent_covered_display": "100", "missing_lines": 0, "excluded_lines": 0}, "missing_lines": [], "excluded_lines": [], "functions": {"": {"executed_lines": [1, 4], "summary": {"covered_lines": 1, "num_statements": 1, "percent_covered": 100.0, "percent_covered_display": "100", "missing_lines": 0, "excluded_lines": 0}, "missing_lines": [], "excluded_lines": []}}, "classes": {"": {"executed_lines": [1, 4], "summary": {"covered_lines": 1, "num_statements": 1, "percent_covered": 100.0, "percent_covered_display": "100", "missing_lines": 0, "excluded_lines": 0}, "missing_lines": [], "excluded_lines": []}}}, "src/context_switcher_mcp/error_helpers.py": {"executed_lines": [1, 3, 5, 6, 9, 33, 57, 82, 108, 130], "summary": {"covered_lines": 9, "num_statements": 26, "percent_covered": 34.61538461538461, "percent_covered_display": "35", "missing_lines": 17, "excluded_lines": 0}, "missing_lines": [24, 45, 46, 47, 49, 70, 71, 72, 74, 99, 121, 143, 144, 146, 147, 148, 150], "excluded_lines": [], "functions": {"validation_error": {"executed_lines": [], "summary": {"covered_lines": 0, "num_statements": 1, "percent_covered": 0.0, "percent_covered_display": "0", "missing_lines": 1, "excluded_lines": 0}, "missing_lines": [24], "excluded_lines": []}, "session_not_found_error": {"executed_lines": [], "summary": {"covered_lines": 0, "num_statements": 4, "percent_covered": 0.0, "percent_covered_display": "0", "missing_lines": 4, "excluded_lines": 0}, "missing_lines": [45, 46, 47, 49], "excluded_lines": []}, "rate_limit_error": {"executed_lines": [], "summary": {"covered_lines": 0, "num_statements": 4, "percent_covered": 0.0, "percent_covered_display": "0", "missing_lines": 4, "excluded_lines": 0}, "missing_lines": [70, 71, 72, 74], "excluded_lines": []}, "execution_error": {"executed_lines": [], "summary": {"covered_lines": 0, "num_statements": 1, "percent_covered": 0.0, "percent_covered_display": "0", "missing_lines": 1, "excluded_lines": 0}, "missing_lines": [99], "excluded_lines": []}, "security_error": {"executed_lines": [], "summary": {"covered_lines": 0, "num_statements": 1, "percent_covered": 0.0, "percent_covered_display": "0", "missing_lines": 1, "excluded_lines": 0}, "missing_lines": [121], "excluded_lines": []}, "resource_limit_error": {"executed_lines": [], "summary": {"covered_lines": 0, "num_statements": 6, "percent_covered": 0.0, "percent_covered_display": "0", "missing_lines": 6, "excluded_lines": 0}, "missing_lines": [143, 144, 146, 147, 148, 150], "excluded_lines": []}, "": {"executed_lines": [1, 3, 5, 6, 9, 33, 57, 82, 108, 130], "summary": {"covered_lines": 9, "num_statements": 9, "percent_covered": 100.0, "percent_covered_display": "100", "missing_lines": 0, "excluded_lines": 0}, "missing_lines": [], "excluded_lines": []}}, "classes": {"": {"executed_lines": [1, 3, 5, 6, 9, 33, 57, 82, 108, 130], "summary": {"covered_lines": 9, "num_statements": 26, "percent_covered": 34.61538461538461, "percent_covered_display": "35", "missing_lines": 17, "excluded_lines": 0}, "missing_lines": [24, 45, 46, 47, 49, 70, 71, 72, 74, 99, 121, 143, 144, 146, 147, 148, 150], "excluded_lines": []}}}, "src/context_switcher_mcp/exceptions.py": {"executed_lines": [1, 8, 9, 11, 14, 15, 17, 20, 21, 23, 26, 27, 29, 32, 33, 35, 38, 39, 41, 44, 45, 47, 50, 51, 53, 56, 57, 59, 62, 63, 65, 68, 69, 71, 74, 75, 77, 80, 81, 83, 86, 87, 89, 92, 93, 95, 98, 99, 101, 104, 105, 107, 110, 111, 113, 116, 117, 119, 122, 123, 125], "summary": {"covered_lines": 40, "num_statements": 40, "percent_covered": 100.0, "percent_covered_display": "100", "missing_lines": 0, "excluded_lines": 0}, "missing_lines": [], "excluded_lines": [], "functions": {"": {"executed_lines": [1, 8, 9, 11, 14, 15, 17, 20, 21, 23, 26, 27, 29, 32, 33, 35, 38, 39, 41, 44, 45, 47, 50, 51, 53, 56, 57, 59, 62, 63, 65, 68, 69, 71, 74, 75, 77, 80, 81, 83, 86, 87, 89, 92, 93, 95, 98, 99, 101, 104, 105, 107, 110, 111, 113, 116, 117, 119, 122, 123, 125], "summary": {"covered_lines": 40, "num_statements": 40, "percent_covered": 100.0, "percent_covered_display": "100", "missing_lines": 0, "excluded_lines": 0}, "missing_lines": [], "excluded_lines": []}}, "classes": {"ContextSwitcherError": {"executed_lines": [], "summary": {"covered_lines": 0, "num_statements": 0, "percent_covered": 100.0, "percent_covered_display": "100", "missing_lines": 0, "excluded_lines": 0}, "missing_lines": [], "excluded_lines": []}, "SessionError": {"executed_lines": [], "summary": {"covered_lines": 0, "num_statements": 0, "percent_covered": 100.0, "percent_covered_display": "100", "missing_lines": 0, "excluded_lines": 0}, "missing_lines": [], "excluded_lines": []}, "SessionNotFoundError": {"executed_lines": [], "summary": {"covered_lines": 0, "num_statements": 0, "percent_covered": 100.0, "percent_covered_display": "100", "missing_lines": 0, "excluded_lines": 0}, "missing_lines": [], "excluded_lines": []}, "SessionExpiredError": {"executed_lines": [], "summary": {"covered_lines": 0, "num_statements": 0, "percent_covered": 100.0, "percent_covered_display": "100", "missing_lines": 0, "excluded_lines": 0}, "missing_lines": [], "excluded_lines": []}, "SessionCleanupError": {"executed_lines": [], "summary": {"covered_lines": 0, "num_statements": 0, "percent_covered": 100.0, "percent_covered_display": "100", "missing_lines": 0, "excluded_lines": 0}, "missing_lines": [], "excluded_lines": []}, "OrchestrationError": {"executed_lines": [], "summary": {"covered_lines": 0, "num_statements": 0, "percent_covered": 100.0, "percent_covered_display": "100", "missing_lines": 0, "excluded_lines": 0}, "missing_lines": [], "excluded_lines": []}, "CircuitBreakerError": {"executed_lines": [], "summary": {"covered_lines": 0, "num_statements": 0, "percent_covered": 100.0, "percent_covered_display": "100", "missing_lines": 0, "excluded_lines": 0}, "missing_lines": [], "excluded_lines": []}, "CircuitBreakerOpenError": {"executed_lines": [], "summary": {"covered_lines": 0, "num_statements": 0, "percent_covered": 100.0, "percent_covered_display": "100", "missing_lines": 0, "excluded_lines": 0}, "missing_lines": [], "excluded_lines": []}, "CircuitBreakerStateError": {"executed_lines": [], "summary": {"covered_lines": 0, "num_statements": 0, "percent_covered": 100.0, "percent_covered_display": "100", "missing_lines": 0, "excluded_lines": 0}, "missing_lines": [], "excluded_lines": []}, "ModelBackendError": {"executed_lines": [], "summary": {"covered_lines": 0, "num_statements": 0, "percent_covered": 100.0, "percent_covered_display": "100", "missing_lines": 0, "excluded_lines": 0}, "missing_lines": [], "excluded_lines": []}, "ModelConnectionError": {"executed_lines": [], "summary": {"covered_lines": 0, "num_statements": 0, "percent_covered": 100.0, "percent_covered_display": "100", "missing_lines": 0, "excluded_lines": 0}, "missing_lines": [], "excluded_lines": []}, "ModelTimeoutError": {"executed_lines": [], "summary": {"covered_lines": 0, "num_statements": 0, "percent_covered": 100.0, "percent_covered_display": "100", "missing_lines": 0, "excluded_lines": 0}, "missing_lines": [], "excluded_lines": []}, "ModelRateLimitError": {"executed_lines": [], "summary": {"covered_lines": 0, "num_statements": 0, "percent_covered": 100.0, "percent_covered_display": "100", "missing_lines": 0, "excluded_lines": 0}, "missing_lines": [], "excluded_lines": []}, "ModelAuthenticationError": {"executed_lines": [], "summary": {"covered_lines": 0, "num_statements": 0, "percent_covered": 100.0, "percent_covered_display": "100", "missing_lines": 0, "excluded_lines": 0}, "missing_lines": [], "excluded_lines": []}, "ModelValidationError": {"executed_lines": [], "summary": {"covered_lines": 0, "num_statements": 0, "percent_covered": 100.0, "percent_covered_display": "100", "missing_lines": 0, "excluded_lines": 0}, "missing_lines": [], "excluded_lines": []}, "AnalysisError": {"executed_lines": [], "summary": {"covered_lines": 0, "num_statements": 0, "percent_covered": 100.0, "percent_covered_display": "100", "missing_lines": 0, "excluded_lines": 0}, "missing_lines": [], "excluded_lines": []}, "PerspectiveError": {"executed_lines": [], "summary": {"covered_lines": 0, "num_statements": 0, "percent_covered": 100.0, "percent_covered_display": "100", "missing_lines": 0, "excluded_lines": 0}, "missing_lines": [], "excluded_lines": []}, "ConfigurationError": {"executed_lines": [], "summary": {"covered_lines": 0, "num_statements": 0, "percent_covered": 100.0, "percent_covered_display": "100", "missing_lines": 0, "excluded_lines": 0}, "missing_lines": [], "excluded_lines": []}, "StorageError": {"executed_lines": [], "summary": {"covered_lines": 0, "num_statements": 0, "percent_covered": 100.0, "percent_covered_display": "100", "missing_lines": 0, "excluded_lines": 0}, "missing_lines": [], "excluded_lines": []}, "SerializationError": {"executed_lines": [], "summary": {"covered_lines": 0, "num_statements": 0, "percent_covered": 100.0, "percent_covered_display": "100", "missing_lines": 0, "excluded_lines": 0}, "missing_lines": [], "excluded_lines": []}, "": {"executed_lines": [1, 8, 9, 11, 14, 15, 17, 20, 21, 23, 26, 27, 29, 32, 33, 35, 38, 39, 41, 44, 45, 47, 50, 51, 53, 56, 57, 59, 62, 63, 65, 68, 69, 71, 74, 75, 77, 80, 81, 83, 86, 87, 89, 92, 93, 95, 98, 99, 101, 104, 105, 
[...]
missing_lines": [241, 243, 244, 245], "excluded_lines": []}, "": {"executed_lines": [1, 3, 4, 5, 7, 8, 9, 10, 11, 21, 24, 25, 27, 50, 66, 194, 207], "summary": {"covered_lines": 15, "num_statements": 15, "percent_covered": 100.0, "percent_covered_display": "100", "missing_lines": 0, "excluded_lines": 0}, "missing_lines": [], "excluded_lines": []}}, "classes": {"ThreadLifecycleManager": {"executed_lines": [40, 41, 44, 48, 64, 69, 70, 73, 74, 79, 80, 97, 98, 99, 100, 102, 103, 106, 108, 110, 113, 114, 118, 120, 121, 123, 127, 129, 133, 135, 136, 139, 142, 147, 165, 166, 167, 171, 173, 175, 180, 182, 192, 196, 205, 219, 220, 222, 224, 228, 230, 231, 232, 235, 238, 239, 240, 248, 249, 251], "summary": {"covered_lines": 60, "num_statements": 74, "percent_covered": 81.08108108108108, "percent_covered_display": "81", "missing_lines": 14, "excluded_lines": 0}, "missing_lines": [75, 76, 83, 86, 94, 125, 148, 150, 153, 162, 241, 243, 244, 245], "excluded_lines": []}, "": {"executed_lines": [1, 3, 4, 5, 7, 8, 9, 10, 11, 21, 24, 25, 27, 50, 66, 194, 207], "summary": {"covered_lines": 15, "num_statements": 15, "percent_covered": 100.0, "percent_covered_display": "100", "missing_lines": 0, "excluded_lines": 0}, "missing_lines": [], "excluded_lines": []}}}, "src/context_switcher_mcp/thread_manager.py": {"executed_lines": [1, 3, 4, 6, 7, 8, 9, 10, 11, 13, 16, 17, 19, 27, 28, 29, 30, 36, 41, 46, 51, 52, 55, 58, 61, 62, 63, 64, 68, 69, 72, 73, 74, 76, 78, 93, 96, 105, 107, 115, 117, 119, 121, 123, 125, 130], "summary": {"covered_lines": 44, "num_statements": 47, "percent_covered": 93.61702127659575, "percent_covered_display": "94", "missing_lines": 3, "excluded_lines": 0}, "missing_lines": [65, 66, 132], "excluded_lines": [], "functions": {"ThreadManager.__init__": {"executed_lines": [27, 28, 29, 30], "summary": {"covered_lines": 4, "num_statements": 4, "percent_covered": 100.0, "percent_covered_display": "100", "missing_lines": 0, "excluded_lines": 0}, "missing_lines": [], "excluded_lines": []}, "ThreadManager.broadcast_message": {"executed_lines": [41, 46, 51, 52, 55, 58, 61, 62, 63, 64, 68, 69, 72, 73, 74, 76], "summary": {"covered_lines": 16, "num_statements": 18, "percent_covered": 88.88888888888889, "percent_covered_display": "89", "missing_lines": 2, "excluded_lines": 0}, "missing_lines": [65, 66], "excluded_lines": []}, "ThreadManager.broadcast_message_stream": {"executed_lines": [93, 96], "summary": {"covered_lines": 2, "num_statements": 2, "percent_covered": 100.0, "percent_covered_display": "100", "missing_lines": 0, "excluded_lines": 0}, "missing_lines": [], "excluded_lines": []}, "ThreadManager.get_single_thread_response": {"executed_lines": [107], "summary": {"covered_lines": 1, "num_statements": 1, "percent_covered": 100.0, "percent_covered_display": "100", "missing_lines": 0, "excluded_lines": 0}, "missing_lines": [], "excluded_lines": []}, "ThreadManager.get_thread_metrics": {"executed_lines": [117], "summary": {"covered_lines": 1, "num_statements": 1, "percent_covered": 100.0, "percent_covered_display": "100", "missing_lines": 0, "excluded_lines": 0}, "missing_lines": [], "excluded_lines": []}, "ThreadManager.get_circuit_breaker_status": {"executed_lines": [121], "summary": {"covered_lines": 1, "num_statements": 1, "percent_covered": 100.0, "percent_covered_display": "100", "missing_lines": 0, "excluded_lines": 0}, "missing_lines": [], "excluded_lines": []}, "ThreadManager.reset_circuit_breakers": {"executed_lines": [125], "summary": {"covered_lines": 1, "num_statements": 1, "percent_covered": 100.0, "percent_covered_display": "100", "missing_lines": 0, "excluded_lines": 0}, "missing_lines": [], "excluded_lines": []}, "ThreadManager.save_all_circuit_breaker_states": {"executed_lines": [], "summary": {"covered_lines": 0, "num_statements": 1, "percent_covered": 0.0, "percent_covered_display": "0", "missing_lines": 1, "excluded_lines": 0}, "missing_lines": [132], "excluded_lines": []}, "": {"executed_lines": [1, 3, 4, 6, 7, 8, 9, 10, 11, 13, 16, 17, 19, 36, 78, 105, 115, 119, 123, 130], "summary": {"covered_lines": 18, "num_statements": 18, "percent_covered": 100.0, "percent_covered_display": "100", "missing_lines": 0, "excluded_lines": 0}, "missing_lines": [], "excluded_lines": []}}, "classes": {"ThreadManager": {"executed_lines": [27, 28, 29, 30, 41, 46, 51, 52, 55, 58, 61, 62, 63, 64, 68, 69, 72, 73, 74, 76, 93, 96, 107, 117, 121, 125], "summary": {"covered_lines": 26, "num_statements": 29, "percent_covered": 89.65517241379311, "percent_covered_display": "90", "missing_lines": 3, "excluded_lines": 0}, "missing_lines": [65, 66, 132], "excluded_lines": []}, "": {"executed_lines": [1, 3, 4, 6, 7, 8, 9, 10, 11, 13, 16, 17, 19, 36, 78, 105, 115, 119, 123, 130], "summary": {"covered_lines": 18, "num_statements": 18, "percent_covered": 100.0, "percent_covered_display": "100", "missing_lines": 0, "excluded_lines": 0}, "missing_lines": [], "excluded_lines": []}}}, "src/context_switcher_mcp/tools/__init__.py": {"executed_lines": [1], "summary": {"covered_lines": 0, "num_statements": 0, "percent_covered": 100.0, "percent_covered_display": "100", "missing_lines": 0, "excluded_lines": 0}, "missing_lines": [], "excluded_lines": [], "functions": {"": {"executed_lines": [1], "summary": {"covered_lines": 0, "num_statements": 0, "percent_covered": 100.0, "percent_covered_display": "100", "missing_lines": 0, "excluded_lines": 0}, "missing_lines": [], "excluded_lines": []}}, "classes": {"": {"executed_lines": [1], "summary": {"covered_lines": 0, "num_statements": 0, "percent_covered": 100.0, "percent_covered_display": "100", "missing_lines": 0, "excluded_lines": 0}, "missing_lines": [], "excluded_lines": []}}}, "src/context_switcher_mcp/tools/admin_tools.py": {"executed_lines": [1, 3, 4, 6, 8, 11, 14, 15, 37, 38, 50, 51], "summary": {"covered_lines": 11, "num_statements": 35, "percent_covered": 31.428571428571427, "percent_covered_display": "31", "missing_lines": 24, "excluded_lines": 0}, "missing_lines": [17, 19, 20, 22, 24, 40, 42, 44, 53, 55, 57, 60, 61, 64, 67, 74, 75, 76, 77, 78, 81, 125, 128, 132], "excluded_lines": [], "functions": {"register_admin_tools": {"executed_lines": [14, 15, 37, 38, 50, 51], "summary": {"covered_lines": 6, "num_statements": 6, "percent_covered": 100.0, "percent_covered_display": "100", "missing_lines": 0, "excluded_lines": 0}, "missing_lines": [], "excluded_lines": []}, "register_admin_tools.get_performance_metrics": {"executed_lines": [], "summary": {"covered_lines": 0, "num_statements": 5, "percent_covered": 0.0, "percent_covered_display": "0", "missing_lines": 5, "excluded_lines": 0}, "missing_lines": [17, 19, 20, 22, 24], "excluded_lines": []}, "register_admin_tools.reset_circuit_breakers": {"executed_lines": [], "summary": {"covered_lines": 0, "num_statements": 3, "percent_covered": 0.0, "percent_covered_display": "0", "missing_lines": 3, "excluded_lines": 0}, "missing_lines": [40, 42, 44], "excluded_lines": []}, "register_admin_tools.get_security_metrics": {"executed_lines": [], "summary": {"covered_lines": 0, "num_statements": 16, "percent_covered": 0.0, "percent_covered_display": "0", "missing_lines": 16, "excluded_lines": 0}, "missing_lines": [53, 55, 57, 60, 61, 64, 67, 74, 75, 76, 77, 78, 81, 125, 128, 132], "excluded_lines": []}, "": {"executed_lines": [1, 3, 4, 6, 8, 11], "summary": {"covered_lines": 5, "num_statements": 5, "percent_covered": 100.0, "percent_covered_display": "100", "missing_lines": 0, "excluded_lines": 0}, "missing_lines": [], "excluded_lines": []}}, "classes": {"": {"executed_lines": [1, 3, 4, 6, 8, 11, 14, 15, 37, 38, 50, 51], "summary": {"covered_lines": 11, "num_statements": 35, "percent_covered": 31.428571428571427, "percent_covered_display": "31", "missing_lines": 24, "excluded_lines": 0}, "missing_lines": [17, 19, 20, 22, 24, 40, 42, 44, 53, 55, 57, 60, 61, 64, 67, 74, 75, 76, 77, 78, 81, 125, 128, 132], "excluded_lines": []}}}, "src/context_switcher_mcp/tools/analysis_tools.py": {"executed_lines": [1, 3, 4, 5, 6, 8, 13, 17, 18, 19, 20, 25, 28, 31, 32, 33, 36, 37, 38, 41, 42, 45, 48, 51, 169, 172], "summary": {"covered_lines": 25, "num_statements": 109, "percent_covered": 22.93577981651376, "percent_covered_display": "23", "missing_lines": 84, "excluded_lines": 0}, "missing_lines": [56, 59, 60, 63, 65, 68, 70, 72, 74, 79, 84, 85, 88, 100, 101, 106, 107, 108, 109, 110, 111, 114, 116, 120, 123, 127, 128, 129, 136, 137, 138, 145, 146, 147, 154, 155, 158, 177, 180, 181, 189, 191, 194, 195, 202, 205, 206, 209, 210, 212, 215, 223, 227, 228, 229, 230, 231, 233, 242, 246, 255, 264, 267, 268, 271, 272, 275, 276, 279, 284, 285, 286, 289, 292, 302, 304, 305, 306, 313, 314, 315, 322, 323, 326], "excluded_lines": [], "functions": {"register_analysis_tools": {"executed_lines": [48, 51, 169, 172], "summary": {"covered_lines": 4, "num_statements": 4, "percent_covered": 100.0, "percent_covered_display": "100", "missing_lines": 0, "excluded_lines": 0}, "missing_lines": [], "excluded_lines": []}, "register_analysis_tools.analyze_from_perspectives": {"executed_lines": [], "summary": {"covered_lines": 0, "num_statements": 31, "percent_covered": 0.0, "percent_covered_display": "0", "missing_lines": 31, "excluded_lines": 0}, "missing_lines": [56, 59, 60, 63, 65, 68, 70, 72, 74, 79, 84, 85, 88, 100, 101, 106, 107, 120, 123, 127, 128, 129, 136, 137, 138, 145, 146, 147, 154, 155, 158], "excluded_lines": []}, "register_analysis_tools.analyze_from_perspectives.AnalysisResults.__init__": {"executed_lines": [], "summary": {"covered_lines": 0, "num_statements": 6, "percent_covered": 0.0, "percent_covered_display": "0", "missing_lines": 6, "excluded_lines": 0}, "missing_lines": [108, 109, 110, 111, 114, 116], "excluded_lines": []}, "register_analysis_tools.synthesize_perspectives": {"executed_lines": [], "summary": {"covered_lines": 0, "num_statements": 47, "percent_covered": 0.0, "percent_covered_display": "0", "missing_lines": 47, "excluded_lines": 0}, "missing_lines": [177, 180, 181, 189, 191, 194, 195, 202, 205, 206, 209, 210, 212, 215, 223, 227, 228, 229, 230, 231, 233, 242, 246, 255, 264, 267, 268, 271, 272, 275, 276, 279, 284, 285, 286, 289, 292, 302, 304, 305, 306, 313, 314, 315, 322, 323, 326], "excluded_lines": []}, "": {"executed_lines": [1, 3, 4, 5, 6, 8, 13, 17, 18, 19, 20, 25, 28, 31, 32, 33, 36, 37, 38, 41, 42, 45], "summary": {"covered_lines": 21, "num_statements": 21, "percent_covered": 100.0, "percent_covered_display": "100", "missing_lines": 0, "excluded_lines": 0}, "missing_lines": [], "excluded_lines": []}}, "classes": {"AnalyzeFromPerspectivesRequest": {"executed_lines": [], "summary": {"covered_lines": 0, "num_statements": 0, "percent_covered": 100.0, "percent_covered_display": "100", "missing_lines": 0, "excluded_lines": 0}, "missing_lines": [], "excluded_lines": []}, "AnalyzeFromPerspectivesStreamRequest": {"executed_lines": [], "summary": {"covered_lines": 0, "num_statements": 0, "percent_covered": 100.0, "percent_covered_display": "100", "missing_lines": 0, "excluded_lines": 0}, "missing_lines": [], "excluded_lines": []}, "SynthesizePerspectivesRequest": {"executed_lines": [], "summary": {"covered_lines": 0, "num_statements": 0, "percent_covered": 100.0, "percent_covered_display": "100", "missing_lines": 0, "excluded_lines": 0}, "missing_lines": [], "excluded_lines": []}, "register_analysis_tools.analyze_from_perspectives.AnalysisResults": {"executed_lines": [], "summary": {"covered_lines": 0, "num_statements": 6, "percent_covered": 0.0, "percent_covered_display": "0", "missing_lines": 6, "excluded_lines": 0}, "missing_lines": [108, 109, 110, 111, 114, 116], "excluded_lines": []}, "": {"executed_lines": [1, 3, 4, 5, 6, 8, 13, 17, 18, 19, 20, 25, 28, 31, 32, 33, 36, 37, 38, 41, 42, 45, 48, 51, 169, 172], "summary": {"covered_lines": 25, "num_statements": 103, "percent_covered": 24.271844660194176, "percent_covered_display": "24", "missing_lines": 78, "excluded_lines": 0}, "missing_lines": [56, 59, 60, 63, 65, 68, 70, 72, 74, 79, 84, 85, 88, 100, 101, 106, 107, 120, 123, 127, 128, 129, 136, 137, 138, 145, 146, 147, 154, 155, 158, 177, 180, 181, 189, 191, 194, 195, 202, 205, 206, 209, 210, 212, 215, 223, 227, 228, 229, 230, 231, 233, 242, 246, 255, 264, 267, 268, 271, 272, 275, 276, 279, 284, 285, 286, 289, 292, 302, 304, 305, 306, 313, 314, 315, 322, 323, 326], "excluded_lines": []}}}, "src/context_switcher_mcp/tools/perspective_tools.py": {"executed_lines": [1, 3, 4, 5, 6, 8, 9, 10, 15, 16, 17, 22, 25, 26, 27, 28, 31, 36, 37, 38, 41, 44, 49, 52, 55, 141, 144], "summary": {"covered_lines": 26, "num_statements": 65, "percent_covered": 40.0, "percent_covered_display": "40", "missing_lines": 39, "excluded_lines": 0}, "missing_lines": [58, 61, 62, 70, 73, 74, 85, 98, 100, 103, 104, 106, 117, 126, 128, 148, 149, 152, 159, 169, 177, 179, 182, 183, 184, 189, 191, 193, 194, 195, 201, 202, 203, 209, 210, 211, 217, 218, 221], "excluded_lines": [], "functions": {"register_perspective_tools": {"executed_lines": [52, 55, 141, 144], "summary": {"covered_lines": 4, "num_statements": 4, "percent_covered": 100.0, "percent_covered_display": "100", "missing_lines": 0, "excluded_lines": 0}, "missing_lines": [], "excluded_lines": []}, "register_perspective_tools.add_perspective": {"executed_lines": [], "summary": {"covered_lines": 0, "num_statements": 15, "percent_covered": 0.0, "percent_covered_display": "0", "missing_lines": 15, "excluded_lines": 0}, "missing_lines": [58, 61, 62, 70, 73, 74, 85, 98, 100, 103, 104, 106, 117, 126, 128], "excluded_lines": []}, "register_perspective_tools.recommend_perspectives": {"executed_lines": [], "summary": {"covered_lines": 0, "num_statements": 24, "percent_covered": 0.0, "percent_covered_display": "0", "missing_lines": 24, "excluded_lines": 0}, "missing_lines": [148, 149, 152, 159, 169, 177, 179, 182, 183, 184, 189, 191, 193, 194, 195, 201, 202, 203, 209, 210, 211, 217, 218, 221], "excluded_lines": []}, "": {"executed_lines": [1, 3, 4, 5, 6, 8, 9, 10, 15, 16, 17, 22, 25, 26, 27, 28, 31, 36, 37, 38, 41, 44, 49], "summary": {"covered_lines": 22, "num_statements": 22, "percent_covered": 100.0, "percent_covered_display": "100", "missing_lines": 0, "excluded_lines": 0}, "missing_lines": [], "excluded_lines": []}}, "classes": {"AddPerspectiveRequest": {"executed_lines": [], "summary": {"covered_lines": 0, "num_statements": 0, "percent_covered": 100.0, "percent_covered_display": "100", "missing_lines": 0, "excluded_lines": 0}, "missing_lines": [], "excluded_lines": []}, "RecommendPerspectivesRequest": {"executed_lines": [], "summary": {"covered_lines": 0, "num_statements": 0, "percent_covered": 100.0, "percent_covered_display": "100", "missing_lines": 0, "excluded_lines": 0}, "missing_lines": [], "excluded_lines": []}, "": {"executed_lines": [1, 3, 4, 5, 6, 8, 9, 10, 15, 16, 17, 22, 25, 26, 27, 28, 31, 36, 37, 38, 41, 44, 49, 52, 55, 141, 144], "summary": {"covered_lines": 26, "num_statements": 65, "percent_covered": 40.0, "percent_covered_display": "40", "missing_lines": 39, "excluded_lines": 0}, "missing_lines": [58, 61, 62, 70, 73, 74, 85, 98, 100, 103, 104, 106, 117, 126, 128, 148, 149, 152, 159, 169, 177, 179, 182, 183, 184, 189, 191, 193, 194, 195, 201, 202, 203, 209, 210, 211, 217, 218, 221], "excluded_lines": []}}}, "src/context_switcher_mcp/tools/session_tools.py": {"executed_lines": [1, 3, 4, 5, 7, 8, 9, 11, 14, 17, 18, 44, 47, 71, 74, 121, 122, 124, 125], "summary": {"covered_lines": 18, "num_statements": 50, "percent_covered": 36.0, "percent_covered_display": "36", "missing_lines": 32, "excluded_lines": 0}, "missing_lines": [20, 22, 23, 25, 26, 36, 38, 49, 51, 52, 55, 56, 58, 65, 76, 78, 80, 81, 86, 89, 91, 92, 93, 94, 104, 128, 131, 132, 134, 136, 139, 172], "excluded_lines": [], "functions": {"register_session_tools": {"executed_lines": [17, 18, 44, 47, 71, 74, 121, 122, 124, 125], "summary": {"covered_lines": 10, "num_statements": 10, "percent_covered": 100.0, "percent_covered_display": "100", "missing_lines": 0, "excluded_lines": 0}, "missing_lines": [], "excluded_lines": []}, "register_session_tools.list_sessions": {"executed_lines": [], "summary": {"covered_lines": 0, "num_statements": 7, "percent_covered": 0.0, "percent_covered_display": "0", "missing_lines": 7, "excluded_lines": 0}, "missing_lines": [20, 22, 23, 25, 26, 36, 38], "excluded_lines": []}, "register_session_tools.list_templates": {"executed_lines": [], "summary": {"covered_lines": 0, "num_statements": 7, "percent_covered": 0.0, "percent_covered_display": "0", "missing_lines": 7, "excluded_lines": 0}, "missing_lines": [49, 51, 52, 55, 56, 58, 65], "excluded_lines": []}, "register_session_tools.current_session": {"executed_lines": [], "summary": {"covered_lines": 0, "num_statements": 11, "percent_covered": 0.0, "percent_covered_display": "0", "missing_lines": 11, "excluded_lines": 0}, "missing_lines": [76, 78, 80, 81, 86, 89, 91, 92, 93, 94, 104], "excluded_lines": []}, "register_session_tools.get_session": {"executed_lines": [], "summary": {"covered_lines": 0, "num_statements": 7, "percent_covered": 0.0, "percent_covered_display": "0", "missing_lines": 7, "excluded_lines": 0}, "missing_lines": [128, 131, 132, 134, 136, 139, 172], "excluded_lines": []}, "": {"executed_lines": [1, 3, 4, 5, 7, 8, 9, 11, 14], "summary": {"covered_lines": 8, "num_statements": 8, "percent_covered": 100.0, "percent_covered_display": "100", "missing_lines": 0, "excluded_lines": 0}, "missing_lines": [], "excluded_lines": []}}, "classes": {"register_session_tools.GetSessionRequest": {"executed_lines": [], "summary": {"covered_lines": 0, "num_statements": 0, "percent_covered": 100.0, "percent_covered_display": "100", "missing_lines": 0, "excluded_lines": 0}, "missing_lines": [], "excluded_lines": []}, "": {"executed_lines": [1, 3, 4, 5, 7, 8, 9, 11, 14, 17, 18, 44, 47, 71, 74, 121, 122, 124, 125], "summary": {"covered_lines": 18, "num_statements": 50, "percent_covered": 36.0, "percent_covered_display": "36", "missing_lines": 32, "excluded_lines": 0}, "missing_lines": [20, 22, 23, 25, 26, 36, 38, 49, 51, 52, 55, 56, 58, 65, 76, 78, 80, 81, 86, 89, 91, 92, 93, 94, 104, 128, 131, 132, 134, 136, 139, 172], "excluded_lines": []}}}, "src/context_switcher_mcp/validation.py": {"executed_lines": [1, 3, 4, 6, 7, 8, 10, 12, 15, 24, 25, 27, 30, 31, 37, 56, 57, 58, 59, 61, 64, 75, 78, 85, 87, 88, 89], "summary": {"covered_lines": 26, "num_statements": 33, "percent_covered": 78.78787878787878, "percent_covered_display": "79", "missing_lines": 7, "excluded_lines": 0}, "missing_lines": [28, 76, 79, 92, 93, 94, 96], "excluded_lines": [], "functions": {"validate_topic": {"executed_lines": [24, 25, 27, 30, 31, 37, 56, 57, 58, 59, 61], "summary": {"covered_lines": 11, "num_statements": 12, "percent_covered": 91.66666666666667, "percent_covered_display": "92", "missing_lines": 1, "excluded_lines": 0}, "missing_lines": [28], "excluded_lines": []}, "validate_session_id": {"executed_lines": [75, 78, 85, 87, 88, 89], "summary": {"covered_lines": 6, "num_statements": 12, "percent_covered": 50.0, "percent_covered_display": "50", "missing_lines": 6, "excluded_lines": 0}, "missing_lines": [76, 79, 92, 93, 94, 96], "excluded_lines": []}, "": {"executed_lines": [1, 3, 4, 6, 7, 8, 10, 12, 15, 64], "summary": {"covered_lines": 9, "num_statements": 9, "percent_covered": 100.0, "percent_covered_display": "100", "missing_lines": 0, "excluded_lines": 0}, "missing_lines": [], "excluded_lines": []}}, "classes": {"": {"executed_lines": [1, 3, 4, 6, 7, 8, 10, 12, 15, 24, 25, 27, 30, 31, 37, 56, 57, 58, 59, 61, 64, 75, 78, 85, 87, 88, 89], "summary": {"covered_lines": 26, "num_statements": 33, "percent_covered": 78.78787878787878, "percent_covered_display": "79", "missing_lines": 7, "excluded_lines": 0}, "missing_lines": [28, 76, 79, 92, 93, 94, 96], "excluded_lines": []}}}}, "totals": {"covered_lines": 2090, "num_statements": 3369, "percent_covered": 62.0362125259721, "percent_covered_display": "62", "missing_lines": 1279, "excluded_lines": 0}}
